1400.257828	1.558478
1400.754964	2.055675
1401.252364	1.503929
1401.750029	1.947350
1402.247960	2.001879
1402.746155	1.720281
1403.244617	1.272704
1403.743344	1.865553
1404.242337	1.423684
1404.741596	1.657975
1405.241121	1.461699
1405.740913	1.843605
1406.240972	1.968701
1406.741297	1.689759
1407.241890	1.726068
1407.742749	1.687469
1408.243877	1.925369
1408.745272	2.345785
1409.246934	1.929003
1409.748865	2.840467
1410.251064	1.783512
1410.753531	1.788816
1411.256267	1.355250
1411.759272	1.426502
1412.262545	1.477613
1412.766088	2.036145
1413.269900	2.234920
1413.773982	2.539487
1414.278333	2.031368
1414.782955	2.678368
1415.287846	2.608436
1415.793008	2.561887
1416.298440	2.094210
1416.804143	2.181332
1417.310117	2.359669
1417.816363	1.805211
1418.322879	2.326203
1418.829667	1.795396
1419.336726	1.469629
1419.844057	2.149096
1420.351661	2.019610
1420.859537	1.192681
1421.367685	1.834400
1421.876105	2.688185
1422.384799	1.438486
1422.893765	1.557820
1423.403006	2.255412
1423.912519	2.312067
1424.422306	1.411625
1424.932366	1.557847
1425.442701	2.157973
1425.953310	2.247762
1426.464193	2.440201
1426.975351	2.306273
1427.486784	1.583343
1427.998492	2.242646
1428.510475	1.720719
1429.022733	1.384815
1429.535267	2.467834
1430.048077	2.346116
1430.561163	1.855328
1431.074524	1.938579
1431.588163	1.725221
1432.102078	1.395877
1432.616269	1.370904
1433.130738	1.813381
1433.645484	1.563236
1434.160507	1.421739
1434.675807	1.487710
1435.191386	1.920448
1435.707243	1.301799
1436.223377	1.888179
1436.739790	1.012749
1437.256482	1.717842
1437.773452	1.499091
1438.290702	2.607204
1438.808230	1.795276
1439.326038	2.064889
1439.844126	1.134401
1440.362493	1.876970
1440.881140	1.501980
1441.400068	1.792553
1441.919276	2.249824
1442.438764	1.202002
1442.958533	2.249570
1443.478583	1.831099
1443.998915	1.760377
1444.519527	1.623277
1445.040422	1.127884
1445.561598	2.095716
1446.083056	1.514440
1446.604797	2.037926
1447.126820	1.904771
1447.649125	1.496873
1448.171713	1.585097
1448.694585	1.370680
1449.217739	1.509975
1449.741177	1.179903
1450.264899	1.622034
1450.788904	1.688923
1451.313194	1.862707
1451.837767	1.974057
1452.362626	2.008741
1452.887768	2.214115
1453.413196	2.117737
1453.938909	1.779491
1454.464907	1.846402
1454.991191	1.685498
1455.517760	1.539272
1456.044615	1.387910
1456.571757	1.395018
1457.099184	1.354207
1457.626898	1.494259
1458.154899	1.736323
1458.683187	1.340344
1459.211762	1.575526
1459.740624	2.754703
1460.269774	1.952451
1460.799212	2.230125
1461.328938	1.905087
1461.858952	1.495892
1462.389254	1.734472
1462.919845	2.907149
1463.450724	2.311098
1463.981893	1.657463
1464.513351	1.497388
1465.045098	1.357258
1465.577135	1.853387
1466.109462	1.063536
1466.642079	1.568640
1467.174987	1.355873
1467.708184	1.227337
1468.241673	1.840660
1468.775452	2.001592
1469.309523	1.623052
1469.843885	1.600454
1470.378538	1.660503
1470.913483	1.940004
1471.448721	1.904493
1471.984250	2.261760
1472.520072	2.595949
1473.056187	1.335537
1473.592594	1.834175
1474.129294	1.586395
1474.666288	1.624287
1475.203575	1.053039
1475.741156	2.459074
1476.279031	2.315031
1476.817199	1.382051
1477.355662	1.830440
1477.894420	1.913508
1478.433473	1.602513
1478.972820	1.390472
1479.512463	1.477609
1480.052401	1.708507
1480.592634	1.800830
1481.133164	2.098358
1481.673989	1.792242
1482.215111	2.070838
1482.756529	1.993377
1483.298244	1.420312
1483.840257	1.333554
1484.382566	1.740596
1484.925172	1.840374
1485.468076	2.280691
1486.011278	1.598943
1486.554777	1.532302
1487.098576	1.752026
1487.642672	2.028372
1488.187067	2.049671
1488.731761	1.408037
1489.276754	1.767944
1489.822047	1.257887
1490.367639	1.679754
1490.913531	1.500032
1491.459722	1.825744
1492.006214	2.833102
1492.553007	1.973827
1493.100099	2.252892
1493.647494	1.718734
1494.195189	2.155835
1494.743185	2.144787
1495.291482	1.866979
1495.840082	1.822084
1496.388983	2.548393
1496.938187	2.090817
1497.487693	1.992971
1498.037502	1.685728
1498.587613	2.379606
1499.138028	1.594349
1499.688746	0.823332
1500.239767	2.760081
1500.791092	1.664400
1501.342721	1.586684
1501.894655	1.903198
1502.446893	1.941925
1502.999435	1.757612
1503.552282	2.273441
1504.105435	1.474956
1504.658892	1.573507
1505.212655	1.502850
1505.766724	1.619444
1506.321099	2.554551
1506.875780	2.395400
1507.430768	1.812405
1507.986062	1.594566
1508.541663	2.221554
1509.097571	1.797270
1509.653787	1.946004
1510.210310	1.469135
1510.767141	1.934594
1511.324280	2.272870
1511.881727	1.665287
1512.439483	2.230810
1512.997547	1.738367
1513.555921	2.450322
1514.114603	1.897761
1514.673595	0.788089
1515.232897	1.305381
1515.792508	1.389791
1516.352429	1.935625
1516.912661	1.250201
1517.473203	1.460786
1518.034056	1.696867
1518.595220	1.305805
1519.156695	1.315504
1519.718482	1.298210
1520.280581	1.219993
1520.842991	2.200569
1521.405713	1.183187
1521.968748	1.753270
1522.532095	1.306210
1523.095756	1.262529
1523.659729	1.403806
1524.224015	1.121018
1524.788616	0.934233
1525.353529	1.529806
1525.918757	1.374601
1526.484299	1.614997
1527.050156	1.349051
1527.616327	1.478909
1528.182813	1.464067
1528.749615	1.349071
1529.316732	1.637207
1529.884164	1.640803
1530.451912	1.881431
1531.019977	1.345811
1531.588357	1.682397
1532.157055	1.579173
1532.726069	1.193174
1533.295400	1.327338
1533.865048	1.580490
1534.435014	1.405143
1535.005298	1.098754
1535.575899	1.129171
1536.146819	1.044947
1536.718058	1.368659
1537.289614	1.715699
1537.861490	2.271873
1538.433686	1.694941
1539.006200	1.512704
1539.579035	1.864974
1540.152189	1.702895
1540.725663	1.457639
1541.299457	1.377385
1541.873572	1.402902
1542.448008	1.365477
1543.022765	1.703022
1543.597843	1.184634
1544.173243	1.280847
1544.748965	1.057920
1545.325009	1.862285
1545.901375	1.459070
1546.478063	1.218224
1547.055075	1.826324
1547.632409	2.238019
1548.210066	2.078122
1548.788047	1.501253
1549.366352	1.472393
1549.944981	0.875707
1550.523933	1.069636
1551.103211	0.549161
1551.682813	0.930867
1552.262740	1.241426
1552.842992	1.281244
1553.423569	0.741276
1554.004473	1.095318
1554.585702	0.791528
1555.167257	0.991707
1555.749138	0.887442
1556.331347	1.436000
1556.913882	0.557293
1557.496744	1.214519
1558.079934	1.035081
1558.663451	1.646047
1559.247296	1.595419
1559.831469	0.947785
1560.415971	0.985390
1561.000801	1.581015
1561.585960	0.658632
1562.171448	1.361542
1562.757266	1.110060
1563.343413	1.601257
1563.929890	1.469000
1564.516697	1.482441
1565.103834	1.739038
1565.691302	0.870470
1566.279101	1.021628
1566.867230	1.010358
1567.455691	1.261915
1568.044484	1.214727
1568.633609	0.825262
1569.223065	1.269605
1569.812854	1.057432
1570.402975	1.007283
1570.993430	1.388606
1571.584217	1.776172
1572.175338	1.442101
1572.766792	1.304857
1573.358580	1.228365
1573.950702	1.357700
1574.543158	0.990103
1575.135949	0.788426
1575.729075	1.303103
1576.322536	0.948318
1576.916332	0.605164
1577.510464	0.984794
1578.104932	0.697919
1578.699736	1.090419
1579.294876	0.775708
1579.890352	0.681564
1580.486166	1.175639
1581.082317	1.270005
1581.678805	1.047249
1582.275630	1.132736
1582.872794	1.021453
1583.470295	1.039164
1584.068135	1.485917
1584.666314	0.847435
1585.264832	1.444657
1585.863688	0.805366
1586.462884	0.889130
1587.062420	1.149011
1587.662296	0.993103
1588.262512	1.091910
1588.863068	1.122383
1589.463965	0.769577
1590.065203	0.725958
1590.666782	0.431305
1591.268703	0.731268
1591.870965	1.354660
1592.473569	1.505157
1593.076516	1.526210
1593.679805	1.007675
1594.283437	1.177834
1594.887411	1.090344
1595.491729	0.923483
1596.096391	0.788299
1596.701397	0.715978
1597.306746	1.144628
1597.912440	1.182759
1598.518478	1.156504
1599.124861	0.583923
1599.731590	1.535146
1600.338663	0.784992
1600.946083	1.348504
1601.553848	0.950425
1602.161959	0.790275
1602.770417	0.665096
1603.379222	0.829621
1603.988373	1.294014
1604.597872	1.260907
1605.207718	1.034432
1605.817912	0.716203
1606.428453	0.596600
1607.039343	0.999601
1607.650582	0.311358
1608.262169	0.698928
1608.874106	0.652861
1609.486392	1.355040
1610.099027	0.918252
1610.712012	0.758380
1611.325348	0.634956
1611.939033	1.057350
1612.553070	1.074457
1613.167457	1.029237
1613.782196	0.892120
1614.397286	0.613149
1615.012727	0.594106
1615.628521	0.960114
1616.244667	0.645218
1616.861166	0.786854
1617.478017	1.079277
1618.095221	0.892028
1618.712779	0.304776
1619.330690	0.539036
1619.948955	1.110946
1620.567575	0.801929
1621.186549	0.793051
1621.805877	0.818480
1622.425560	0.957848
1623.045599	0.796048
1623.665993	0.746690
1624.286743	0.768352
1624.907849	1.077919
1625.529312	0.904322
1626.151130	0.490188
1626.773306	0.772388
1627.395839	0.698444
1628.018730	0.926408
1628.641978	0.715071
1629.265584	0.318743
1629.889548	1.035919
1630.513871	0.803126
1631.138552	0.869681
1631.763593	0.949912
1632.388993	0.689870
1633.014752	0.548763
1633.640872	0.688401
1634.267351	0.445338
1634.894191	0.356591
1635.521392	0.936186
1636.148954	0.914284
1636.776877	1.125046
1637.405161	0.890980
1638.033808	0.968005
1638.662816	0.587320
1639.292187	0.610970
1639.921921	1.218110
1640.552017	0.787981
1641.182477	0.729372
1641.813300	0.875235
1642.444487	0.628827
1643.076038	0.432204
1643.707953	0.323915
1644.340233	0.679649
1644.972878	0.777608
1645.605888	0.817517
1646.239263	0.591546
1646.873005	0.545676
1647.507112	0.309024
1648.141586	0.862670
1648.776426	0.731616
1649.411632	0.826625
1650.047207	0.675714
1650.683148	0.877812
1651.319458	0.927585
1651.956135	0.568578
1652.593180	0.660402
1653.230595	0.340011
1653.868378	0.798223
1654.506530	0.701216
1655.145051	0.632090
1655.783943	0.371238
1656.423204	0.621104
1657.062836	0.522874
1657.702838	0.925263
1658.343210	0.989757
1658.983955	0.871459
1659.625070	0.737988
1660.266557	0.493813
1660.908417	0.665364
1661.550648	0.786505
1662.193252	0.676898
1662.836229	0.229393
1663.479579	0.481510
1664.123303	0.852556
1664.767400	0.732880
1665.411871	0.634071
1666.056717	0.871549
1666.701937	0.563802
1667.347532	0.725132
1667.993503	0.534245
1668.639848	0.854825
1669.286570	0.623561
1669.933667	0.444202
1670.581141	0.557678
1671.228992	0.191759
1671.877219	0.395473
1672.525824	0.635859
1673.174806	0.343325
1673.824166	0.589559
1674.473904	0.865081
1675.124020	0.692336
1675.774516	0.762099
1676.425390	0.339255
1677.076643	0.622543
1677.728276	0.909468
1678.380289	0.894186
1679.032682	0.724242
1679.685456	0.671289
1680.338610	0.723418
1680.992145	0.306483
1681.646062	0.362532
1682.300360	0.426313
1682.955040	0.227059
1683.610103	0.368836
1684.265548	0.729501
1684.921375	0.415865
1685.577586	0.221061
1686.234181	0.689014
1686.891159	0.789660
1687.548521	0.448183
1688.206267	0.979271
1688.864398	0.795868
1689.522914	0.640226
1690.181815	0.700658
1690.841102	0.347855
1691.500774	0.368947
1692.160833	0.430472
1692.821279	0.393228
1693.482110	0.600989
1694.143329	0.884631
1694.804935	0.424960
1695.466929	0.295425
1696.129311	0.169715
1696.792081	0.264248
1697.455240	0.561901
1698.118787	0.519604
1698.782724	0.436263
1699.447050	0.288733
1700.111765	0.287131
1700.776871	0.418096
1701.442367	0.499362
1702.108254	0.291963
1702.774532	0.398797
1703.441202	0.801628
1704.108262	0.372831
1704.775715	0.451746
1705.443560	0.258715
1706.111797	0.222001
1706.780428	0.818214
1707.449451	1.016940
1708.118868	0.636673
1708.788678	0.367104
1709.458883	0.167161
1710.129482	0.661392
1710.800475	0.558684
1711.471864	0.612148
1712.143648	0.282104
1712.815828	0.315387
1713.488403	0.368278
1714.161375	0.337130
1714.848218	0.254025
1715.575907	0.438864
1716.250109	0.451889
1716.924708	0.440825
1717.599706	0.470116
1718.275101	0.218445
1718.950895	0.370781
1719.627088	0.640557
1720.303680	0.564726
1720.980671	0.776445
1721.658062	0.294435
1722.335853	0.489600
1723.014044	0.428461
1723.692636	0.836585
1724.371629	0.431309
1725.051023	0.450948
1725.730818	0.135979
1726.411016	0.258047
1727.091616	0.316082
1727.772618	0.215251
1728.454024	0.593247
1729.135832	0.390311
1729.818044	0.321717
1730.500660	0.243800
1731.183680	0.439088
1731.867104	0.103272
1732.550933	0.227288
1733.235167	0.184495
1733.919807	0.426321
1734.604852	0.403300
1735.290304	0.161639
1735.976162	0.655215
1736.662426	0.231421
1737.349098	0.213536
1738.036177	0.611770
1738.723663	0.408380
1739.411558	0.352690
1740.099860	0.641946
1740.788572	0.112762
1741.477692	0.275020
1742.167222	0.399117
1742.857161	0.276321
1743.547511	0.340932
1744.238270	0.309058
1744.929440	0.447426
1745.621021	0.620552
1746.313013	0.487811
1747.005417	0.459682
1747.698233	0.248584
1748.391461	0.152078
1749.085101	0.138061
1749.779154	0.349797
1750.473621	0.582473
1751.168501	0.445789
1751.863795	0.243776
1752.559503	0.262834
1753.255625	0.351301
1753.952163	0.285652
1754.649115	0.216749
1755.346483	0.714313
1756.044267	0.360271
1756.742467	0.376060
1757.441084	0.236401
1758.140117	0.240643
1758.839567	0.339345
1759.539435	0.482386
1760.239721	0.227429
1760.940425	0.137843
1761.781822	0.097414
1762.483447	0.543585
1763.185491	0.374772
1763.887955	0.177690
1764.590839	0.065765
1765.294143	0.402687
1765.997867	0.390370
1766.702012	0.261077
1767.406579	0.122721
1768.111567	0.162276
1768.816977	0.189591
1769.522809	0.312070
1770.229064	0.189012
1770.935741	0.286755
1771.642842	0.283874
1772.350367	0.133123
1773.058315	0.096121
1773.766688	0.345282
1774.475485	0.607642
1775.184708	0.169760
1775.894355	0.136783
1776.604428	0.195411
1777.314927	0.075730
1778.025853	0.367522
1778.737205	0.217732
1779.448984	0.280222
1780.503234	0.103079
1781.301610	0.249321
1782.014929	0.188398
1782.728676	0.008393
1783.442853	0.376139
1784.157458	0.277956
1784.872494	0.142195
1785.587959	0.095758
1786.303854	0.197021
1787.020181	0.083891
1787.736938	0.283227
1788.454126	0.099692
1789.171746	0.640345
1789.889798	0.215169
1790.608282	0.339182
1791.413524	0.057508
1792.334411	0.172324
1793.054368	0.388515
1793.774759	0.433060
1794.495584	0.287118
1795.216844	0.282462
1795.938538	0.087736
1796.660668	0.320839
1797.383234	0.192675
1798.106235	0.370271
1798.829673	0.180780
1799.553548	0.123149
1800.538808	0.052810
1801.655257	0.094176
1802.380837	0.381326
1803.106857	0.157475
1803.833315	0.077336
1804.560212	0.345448
1805.287549	0.390994
1806.015325	0.100154
1806.743542	0.139199
1807.472199	0.163309
1808.201297	0.113541
1808.930837	0.320512
1809.660818	0.274316
1810.391241	0.200282
1811.122106	0.037525
1811.853414	0.106768
1812.585165	0.267435
1813.317359	0.293829
1814.049997	0.362449
1814.783079	0.153593
1815.516606	0.126828
1816.250578	0.211729
1817.499444	0.055811
1818.455164	0.331195
1819.190919	0.108849
1819.927120	0.362608
1820.663768	0.192826
1821.400863	0.104142
1822.138406	0.103988
1822.876397	0.261489
1823.614837	0.198290
1824.353725	0.022170
1825.093063	0.237526
1825.832850	0.289034
1826.573087	0.262438
1827.313773	0.342115
1828.054911	0.086849
1828.885534	0.010161
1829.687003	0.084556
1830.429585	0.389937
1831.172619	0.330570
1831.916106	0.252092
1832.660046	0.152218
1833.404439	0.074401
1834.149286	0.032484
1834.894587	0.137470
1835.640342	0.099966
1836.386551	0.134634
1837.133217	0.242054
1837.955074	0.228231
1838.702696	0.369222
1839.450774	0.146000
1840.199308	0.304985
1840.948301	0.433648
1841.697749	0.093786
1842.447656	0.166781
1843.198021	0.247421
1843.948845	0.077661
1844.700127	0.331171
1845.451869	0.107288
1846.204070	0.307615
1846.956731	0.217472
1847.709853	0.121973
1848.463435	0.242969
1849.217478	0.070488
1850.877999	0.079520
1851.769585	0.015265
1852.616390	0.318479
1853.372976	0.219939
1854.236062	0.028216
1855.039098	0.078831
1855.797169	0.188395
1856.555705	0.179889
1857.383074	0.083067
1858.758090	0.175711
1859.518442	0.362939
1860.279261	0.101653
1861.040547	0.221124
1861.802300	0.127990
1862.564521	0.236526
1863.327210	0.099284
1864.090367	0.178766
1864.853994	0.074608
1865.618090	0.326207
1866.382656	0.080182
1867.147691	0.151537
1867.913197	0.276293
1868.679175	0.173809
1869.445623	0.195017
1870.212543	0.328593
1871.171901	0.009330
1872.131909	0.257308
1872.900483	0.021537
1873.669530	0.106925
1874.439051	0.382570
1875.209046	0.150507
1875.979515	0.193423
1876.750460	0.311114
1877.521880	0.158124
1878.293775	0.275370
1879.066147	0.137803
1879.838995	0.344767
1880.612321	0.106153
1881.540941	0.194501
1882.315317	0.240232
1883.090170	0.317714
1883.865503	0.457890
1884.641314	0.254187
1885.604018	0.008566
1886.505218	0.239509
1887.282661	0.268024
1888.060584	0.178950
1888.838989	0.354608
1889.617875	0.144558
1890.397243	0.126106
1891.192699	0.070350
1892.035485	0.183933
1892.816350	0.078694
1893.597697	0.155458
1894.379529	0.060355
1895.161845	0.090731
1895.944645	0.170249
1896.727931	0.222164
1897.511702	0.151124
1898.295960	0.039222
1899.080703	0.138265
1899.865933	0.181427
1900.651650	0.098262
1901.437855	0.739382
1902.224548	0.313511
1903.011729	0.098120
1903.799399	0.107324
1904.626995	0.182582
1905.770714	0.079838
1906.560098	0.428739
1907.349972	0.234132
1908.140337	0.250256
1908.931193	0.188188
1909.722541	0.182207
1910.514382	0.069071
1911.306715	0.104507
1912.131274	0.073311
1913.051583	0.216395
1913.845495	0.190420
1914.926021	0.102429
1915.752902	0.224767
1916.548496	0.121993
1917.344586	0.369785
1918.220873	0.009080
1919.097731	0.310227
1920.007137	0.062971
1920.853281	0.243867
1921.891889	0.072785
1923.251099	0.136465
1924.051369	0.189254
1924.852139	0.113222
1925.653409	0.196546
1926.455179	0.119510
1927.257451	0.068695
1928.060223	0.153465
1928.863497	0.257611
1929.667273	0.143264
1930.471552	0.148999
1931.276334	0.176208
1932.081619	0.152689
1932.887407	0.172794
1933.693700	0.109083
1934.500498	0.065953
1935.307801	0.070016
1936.115609	0.061331
1936.923923	0.393442
1937.894603	0.007280
1938.865943	0.196281
1939.675980	0.113426
1940.486525	0.123755
1941.297578	0.257451
1942.109139	0.127772
1942.921210	0.197442
1943.733790	0.301340
1944.546880	0.464008
1945.360480	0.108460
1946.174591	0.093412
1946.989214	0.315707
1947.804347	0.181103
1948.987218	0.152842
1950.105955	0.082502
1951.969503	0.217718
1952.787767	0.125505
1953.606545	0.126028
1954.425838	0.138272
1955.245647	0.249354
1956.065972	0.148105
1956.886813	0.445331
1957.708171	0.248338
1958.653412	0.043909
1959.763829	0.204079
1960.586999	0.181471
1961.410688	0.102513
1962.234896	0.161957
1963.059624	0.246267
1963.884872	0.199940
1964.710640	0.111120
1965.536929	0.227959
1966.363740	0.170137
1967.306954	0.033757
1968.184561	0.327238
1969.013042	0.506801
1969.842047	0.104085
1970.671576	0.202843
1971.501629	0.241208
1972.332206	0.183132
1973.163309	0.033842
1974.028223	0.074072
1974.993584	0.089372
1976.226334	0.062949
1977.159922	0.302416
1977.994078	0.211218
1978.828762	0.113656
1979.705767	0.142433
1980.917785	0.123492
1981.754321	0.207922
1982.591386	0.110311
1983.428982	0.169029
1984.719942	0.070324
1985.609218	0.220259
1986.448727	0.189653
1987.288769	0.167863
1988.129344	0.278100
1988.970452	0.473499
1989.812095	0.196629
1990.654271	0.207191
1991.496983	0.372478
1992.508980	0.012746
1993.572354	0.071731
1994.873184	0.164354
1995.718577	0.253591
1996.564506	0.092955
1997.639622	0.074104
1998.681723	0.010562
1999.699127	0.081170
2000.547589	0.372163
2001.396591	0.367391
2002.246133	0.247855
2003.096217	0.092243
2005.104761	0.066438
2006.246239	0.510958
2007.098871	0.251159
2007.969121	0.099143
2008.891170	0.227105
2009.745490	0.088673
2010.600354	0.044490
2011.455764	0.124451
2012.311720	0.079417
2013.168223	0.248437
2014.025273	0.081413
2014.882870	0.042941
2015.741015	0.454565
2016.685624	0.012757
2017.630864	0.109813
2018.490765	0.101492
2019.351216	0.129165
2020.212218	0.205979
2021.073770	0.159459
2021.935873	0.189270
2022.807161	0.177448
2023.748087	0.078736
2024.611902	0.159508
2025.476271	0.096973
2026.341193	0.261720
2027.206669	0.150898
2028.072700	0.114884
2028.939286	0.325056
2029.806428	0.485118
2030.674125	0.178186
2031.672692	0.010745
2032.671942	0.089080
2033.541478	0.072212
2034.411572	0.123156
2035.282224	0.046690
2036.188310	0.078351
2037.374072	0.121547
2038.246627	0.244996
2039.119743	0.082959
2039.993419	0.066932
2040.867658	0.081975
2041.742458	0.174463
2042.617822	0.158493
2043.493748	0.091123
2044.370238	0.070792
2045.466696	0.014781
2046.563931	0.215760
2047.442397	0.067310
2048.321429	0.168060
2049.201027	0.109657
2050.081191	0.061805
2050.961923	0.201248
2051.843223	0.161972
2052.725091	0.127238
2053.607527	0.262965
2054.490532	0.150099
2055.374108	0.287181
2056.258253	0.150214
2057.142969	0.101937
2058.028256	0.217570
2058.914115	0.114841
2059.800545	0.161978
2060.687548	0.091714
2061.575125	0.370945
2062.463275	0.127808
2063.351999	0.292861
2064.241297	0.079889
2065.131170	0.144861
2066.021620	0.106759
2066.912645	0.134327
2067.804247	0.331364
2068.696425	0.187018
2069.589181	0.083060
2070.482516	0.186045
2071.376429	0.125909
2072.593146	0.011817
2073.703313	0.149965
2074.599313	0.094178
2075.980313	0.065993
2076.931632	0.158705
2077.829725	0.141796
2078.728400	0.138806
2079.627659	0.086235
2080.527502	0.239039
2081.427928	0.113606
2082.328940	0.117285
2083.230536	0.233412
2084.132718	0.167670
2085.089679	0.009971
2086.029210	0.224085
2086.933211	0.095481
2087.837799	0.164212
2089.069052	0.008467
2090.192485	0.166728
2091.099194	0.336480
2092.006493	0.019105
2092.914383	0.364492
2093.822864	0.087100
2094.731936	0.313231
2095.641601	0.086273
2096.551858	0.329354
2097.462709	0.068224
2098.374153	0.088940
2099.286191	0.296995
2100.198824	0.501262
2101.112053	0.073453
2102.025877	0.077361
2103.013483	0.052612
2103.946850	0.103462
2104.862524	0.096472
2105.778797	0.408097
2106.695668	0.176284
2107.613137	0.247272
2108.531206	0.112261
2109.449875	0.215007
2110.369146	0.198010
2111.537495	0.081003
2112.485747	0.032290
2113.407003	0.206428
2114.328861	0.169082
2115.251322	0.081053
2116.174387	0.074077
2117.098056	0.287507
2118.022330	0.332202
2118.947210	0.101812
2119.909736	0.061367
2120.891430	0.210878
2121.818190	0.275060
2122.745558	0.253721
2123.673533	0.212199
2124.602117	0.125000
2125.531311	0.112330
2126.461114	0.495123
2127.391527	0.142028
2128.350502	0.157874
2129.533796	0.211200
2130.466227	0.241299
2131.399270	0.324984
2132.332927	0.202555
2133.267197	0.302925
2134.202081	0.149531
2135.137580	0.196196
2136.073694	0.065621
2137.010424	0.160142
2137.947770	0.083171
2138.885733	0.201741
2139.824314	0.117714
2140.763512	0.267186
2141.703329	0.297088
2142.643765	0.367725
2143.584821	0.084530
2144.526496	0.242427
2145.468792	0.082363
2146.411710	0.087835
2147.355249	0.096012
2148.299410	0.196263
2149.244194	0.216959
2150.189602	0.155920
2151.135634	0.243224
2152.082290	0.258715
2153.029571	0.269565
2153.977478	0.107072
2155.780508	0.009434
2157.300086	0.193143
2158.250814	0.072955
2159.202172	0.171188
2160.154158	0.132398
2161.306983	0.040749
2162.727669	0.307238
2163.681988	0.330245
2164.636939	0.112892
2165.592522	0.320197
2166.548739	0.126101
2167.505589	0.241602
2168.463072	0.182301
2169.708807	0.014897
2170.859559	0.188442
2171.819267	0.180215
2172.779611	0.104557
2173.740591	0.076334
2174.702210	0.179467
2175.664467	0.199179
2176.627363	0.263992
2177.590898	0.063337
2178.555073	1.313741
2179.519888	0.134345
2180.485345	0.415814
2181.451443	0.238396
2182.418184	0.134454
2183.385567	0.102440
2184.353593	0.275850
2185.438566	0.010319
2186.485519	0.068468
2187.455608	0.183241
2188.426343	0.204958
2189.397724	0.446756
2191.391334	0.036963
2192.802657	0.152439
2193.776953	0.123152
2194.751900	0.206399
2195.727496	0.120767
2196.703743	0.110264
2197.680641	0.243054
2198.756001	0.016090
2199.832112	0.280542
2200.811098	0.185857
2202.104390	0.048166
2203.163332	0.251621
2204.144543	0.077176
2205.401489	0.054447
2206.521794	0.189010
2207.583948	0.181069
2208.568114	0.226151
2209.552938	0.398262
2210.538421	0.275806
2211.583770	0.051152
2212.708805	0.156527
2213.696401	0.246228
2214.684657	0.284515
2215.673576	0.129538
2216.663157	0.145845
2217.653401	0.239135
2218.644309	0.341632
2219.983141	0.027920
2221.124486	0.200094
2222.117722	0.074721
2223.250886	0.066764
2224.802787	0.096464
2225.798492	0.219510
2226.794864	0.348769
2227.791906	0.308247
2228.829557	0.086390
2230.187540	0.178450
2231.186862	0.153232
2232.206869	0.073754
2233.387735	0.161863
2234.389208	0.133941
2235.391356	0.151889
2236.394177	0.246460
2237.397674	0.247967
2238.401846	0.074188
2239.688213	0.029207
2240.814619	0.096761
2241.821093	0.156367
2243.181009	0.008813
2244.541961	0.093319
2245.550947	0.153280
2246.560614	0.251256
2247.570962	0.162354
2248.581992	0.238937
2249.593703	0.233204
2251.062168	0.052898
2253.140078	0.193501
2254.154868	0.214426
2255.170343	0.245578
2256.186505	0.130822
2257.203355	0.143399
2258.220891	0.066511
2259.239116	0.182322
2260.258030	0.013706
2261.277633	0.264682
2262.297927	0.090812
2263.318910	0.105373
2264.340586	0.110060
2265.362953	0.085449
2266.488357	0.142849
2267.512179	0.268349
2268.741731	0.011949
2269.972185	0.237696
2270.998369	0.187437
2272.025249	0.211202
2273.052826	0.189898
2274.081100	0.257190
2275.110072	0.263347
2276.139742	0.172674
2277.170112	0.061881
2278.201181	0.122431
2279.232951	0.092965
2280.265422	0.082899
2281.298595	0.149839
2282.332470	0.119761
2283.367048	0.289309
2284.402330	0.278376
2285.438316	0.228804
2286.475006	0.171599
2287.512403	0.092897
2288.550505	0.247148
2289.589314	0.184331
2291.867120	0.038821
2293.439065	0.284567
2294.481205	0.165453
2296.024931	0.055922
2297.194095	0.375861
2298.238796	0.116899
2299.284210	0.314345
2300.466482	0.094884
2302.739140	0.142898
2303.787626	0.151622
2304.836828	0.230062
2305.886748	0.140724
2306.937384	0.187501
2307.988740	0.167616
2309.040813	0.083789
2310.093607	0.130386
2311.147120	0.204576
2312.201355	0.103145
2313.256310	0.188794
2314.311989	0.108836
2315.368389	0.256762
2316.425514	0.391454
2317.483362	0.281309
2318.541936	0.401272
2319.601234	0.194973
2320.661259	0.254017
2321.722011	0.345207
2322.783490	0.156231
2323.845698	0.156712
2324.908634	0.013010
2325.972299	0.086084
2327.036695	0.088728
2328.101821	0.198061
2329.189012	0.233033
2330.447675	0.320963
2331.515145	0.159019
2332.583348	0.239189
2333.652285	0.035970
2334.721957	0.116174
2335.792365	0.172870
2337.249387	0.008153
2338.578874	0.324152
2339.651935	0.082975
2340.725736	0.179864
2341.800276	0.081061
2342.875556	0.070249
2343.951576	0.328754
2345.028339	0.179293
2346.105843	0.415287
2347.184090	0.264530
2348.263081	0.170172
2349.342816	0.141116
2350.423296	0.204477
2352.153950	0.030480
2354.210850	0.256454
2355.294691	0.130301
2356.379279	0.078572
2357.464618	0.118436
2358.550706	0.124861
2359.637544	0.348823
2360.855718	0.012117
2362.031236	0.350872
2363.120482	0.145828
2364.210481	0.189843
2365.301235	0.266149
2366.392744	0.185227
2367.485008	0.179446
2368.578029	0.339187
2369.671807	0.314054
2370.766343	0.130559
2371.861637	0.124649
2372.957691	0.243397
2374.054504	0.168275
2375.239924	0.071228
2376.360289	0.257524
2377.459463	0.208697
2378.559399	0.159737
2379.660100	0.265396
2380.761564	0.045698
2381.863793	0.240565
2382.966788	0.177017
2384.070549	0.076883
2385.175077	0.226211
2386.280373	0.187002
2387.386438	0.233083
2388.493271	0.033165
2389.600875	0.306318
2390.709249	0.163145
2391.818394	0.290078
2392.928312	0.321837
2394.039002	0.395696
2395.150466	0.398079
2396.262703	0.119248
2397.487060	0.154040
2398.600926	0.192212
2399.715569	0.248901
2400.830989	0.158850
2401.947186	0.175741
2403.064162	0.253315
2404.181917	0.118019
2405.300453	0.214901
2406.419769	0.088482
2407.539867	0.133432
2408.660747	0.267885
2409.782410	0.198186
2411.781191	0.008540
2413.489462	0.111200
2414.614500	0.292939
2415.740325	0.060943
2416.866937	0.542269
2417.994338	0.129591
2419.122528	0.157546
2421.042263	0.168115
2422.172587	0.133632
2423.303702	0.093036
2424.435611	0.175767
2425.568312	0.144553
2426.701807	0.077576
2427.836097	0.091125
2428.971183	0.175781
2430.107064	0.361111
2431.243743	0.372730
2432.381219	0.297086
2433.519494	0.083629
2434.658568	0.148689
2435.798442	0.230048
2436.939117	0.086012
2438.080593	0.366300
2439.222871	0.089061
2440.365953	0.148616
2441.509838	0.100526
2442.654527	0.256443
2443.800022	0.460688
2444.946322	0.183954
2446.403432	0.079282
2448.275159	0.104052
2449.424610	0.106586
2450.574871	0.277837
2451.725942	0.188819
2452.877825	0.222611
2454.434218	0.024514
2455.761085	0.042758
2456.915813	0.110611
2458.071355	0.338547
2459.308732	0.135166
2461.195394	0.108558
2462.353957	0.136514
2463.513339	0.142061
2465.045250	0.070417
2467.693899	0.134205
2468.857055	0.411194
2470.021032	0.357635
2471.185834	0.075638
2472.351459	0.337487
2473.517909	0.155765
2474.685185	0.258908
2475.853288	0.319176
2477.022217	0.189640
2478.191975	0.272209
2479.362562	0.054087
2480.533978	0.078582
2481.706224	0.095845
2482.879302	0.075315
2484.053212	0.371983
2485.333756	0.061196
2486.756365	0.216456
2487.933026	0.435745
2489.110522	0.265703
2490.288854	0.217211
2491.468023	0.071049
2492.695269	0.079636
2494.301448	0.123849
2495.578091	0.021248
2496.903003	0.078612
2498.086873	0.188240
2499.271586	0.044728
2500.457142	0.174713
2501.643541	0.232771
2502.830785	0.226355
2504.018875	0.198798
2505.207810	0.042926
2506.397593	0.151142
2507.588223	0.189373
2508.779702	0.173512
2509.972030	0.076304
2511.165209	0.286989
2512.359238	0.484929
2513.554120	0.534065
2514.749853	0.470779
2515.946441	0.313975
2517.143883	0.558121
2518.342179	0.221517
2519.541332	0.128518
2520.741341	0.284587
2521.942208	0.102057
2523.143933	0.396659
2524.346518	0.298417
2525.730595	0.007610
2527.115727	0.141336
2528.321152	0.075075
2529.527440	0.147202
2530.782912	0.068545
2532.184314	0.242040
2533.393368	0.198179
2534.603289	0.301089
2535.814076	0.113740
2537.025731	0.178344
2538.238255	0.363654
2539.451648	0.423458
2540.665911	0.163066
2541.881046	0.163839
2543.097053	0.100691
2544.313932	0.318546
2545.531685	0.318488
2546.750312	0.159002
2548.043041	0.076539
2549.556479	0.196937
2550.961344	0.006269
2552.367285	0.169405
2553.590825	0.181978
2554.815245	0.162141
2556.040546	0.142389
2557.266729	0.107071
2558.493794	0.046029
2559.721742	0.313076
2560.950575	0.139447
2562.180293	0.325866
2563.410897	0.165039
2564.642387	0.254551
2565.874765	0.241036
2567.108032	0.105353
2568.342188	0.108336
2569.577234	0.065054
2570.813172	0.275753
2572.050001	0.306320
2573.287723	0.073920
2574.526339	0.369979
2575.765849	0.006844
2577.006255	0.389434
2578.247556	0.151183
2579.489755	0.173915
2580.732852	0.278518
2581.976848	0.330505
2583.221743	0.160935
2584.467539	0.369702
2585.714236	0.403769
2586.961836	0.313689
2588.210338	0.247933
2589.459745	0.252187
2590.710057	0.052924
2591.961274	0.107260
2593.213398	0.101288
2594.541669	0.081676
2596.096729	0.314827
2597.351852	0.253787
2598.607884	0.174451
2599.864828	0.173855
2601.122685	0.226354
2602.381454	0.249485
2603.641137	0.164065
2604.901735	0.414725
2606.163249	0.146427
2607.425680	0.470417
2608.689028	0.420865
2609.953294	0.283011
2611.218480	0.209250
2612.484586	0.183852
2613.751613	0.154459
2615.019562	0.088431
2616.288433	0.450324
2617.558229	0.326875
2618.828949	0.103109
2620.100595	0.075865
2621.373167	0.308455
2622.646667	0.262706
2623.921094	0.131202
2625.196451	0.104738
2626.472738	0.217626
2627.749956	0.087928
2629.028106	0.361146
2630.307189	0.039580
2631.587205	0.389449
2632.868156	0.318176
2634.150042	0.126062
2635.432865	0.191433
2636.716625	0.434266
2638.001323	0.213536
2639.286961	0.241100
2640.573538	0.084580
2641.861057	0.241756
2643.149517	0.217011
2644.438921	0.522683
2645.729268	0.282218
2647.020559	0.183259
2648.312797	0.338107
2649.605980	0.285779
2650.900112	0.247908
2652.195191	0.175397
2653.491220	0.319771
2654.788199	0.229579
2656.086129	0.165898
2657.385012	0.170950
2658.684847	0.103151
2659.985636	0.349457
2661.287380	0.332399
2662.590080	0.400564
2663.893737	0.229133
2665.198351	0.250316
2666.503924	0.231343
2668.124278	0.022021
2669.902907	0.072262
2671.211939	0.151609
2672.521933	0.311026
2673.832892	0.259089
2675.144815	0.496726
2676.457704	0.050995
2677.771560	0.233201
2679.086384	0.155858
2680.402176	0.125020
2681.718938	0.181933
2683.089413	0.027538
2684.487298	0.234889
2685.807072	0.350392
2687.127819	0.428483
2688.449541	0.467014
2689.772238	0.025313
2691.095911	0.255802
2692.420562	0.072428
2693.746191	0.283438
2695.072799	0.087631
2696.493367	0.063449
2698.021450	0.161441
2699.989780	0.079549
2701.321004	0.170269
2702.653213	0.038227
2703.986407	0.112236
2705.320588	0.306531
2706.655757	0.363772
2707.991914	0.266007
2709.329061	0.474043
2710.667199	0.124271
2712.006328	0.343972
2713.346450	0.066121
2714.687565	0.201810
2716.029675	0.184996
2717.372781	0.176555
2718.716883	0.274458
2720.425348	0.218077
2721.812105	0.093011
2723.159502	0.204349
2724.507900	0.260948
2725.857300	0.309273
2727.207703	0.656606
2728.559110	0.460333
2729.911521	0.181059
2731.264938	0.294798
2732.619362	0.179431
2733.974793	0.187282
2735.331233	0.076545
2736.688683	0.135960
2738.047144	0.426634
2739.406617	0.164642
2740.767102	0.235151
2742.128601	0.239048
2743.491114	0.135835
2744.854644	0.210896
2746.219190	0.232713
2747.584754	0.141145
2748.951336	0.223280
2750.318939	0.228698
2751.687563	0.143146
2753.057208	0.048659
2754.427876	0.374188
2755.799568	0.241936
2757.172285	0.175433
2758.546028	0.201496
2759.920797	0.138681
2761.296595	0.252349
2762.673422	0.260471
2764.051279	0.184470
2765.430166	0.340941
2768.163775	0.057684
2770.126111	0.553400
2771.509548	0.260368
2772.894021	0.198752
2774.861905	0.010889
2776.637285	0.480512
2778.025603	0.272004
2779.442769	0.067267
2780.944461	0.228814
2782.336011	0.238172
2783.728606	0.344158
2785.122246	0.324194
2786.516933	0.422282
2787.912668	0.434531
2789.449220	0.013258
2790.986979	0.076725
2792.386074	0.245781
2793.786222	0.320006
2795.187423	0.125422
2796.589678	0.282428
2797.992989	0.196406
2799.397356	0.156381
2800.802781	0.181215
2802.209265	0.369456
2803.616808	0.163809
2805.025412	0.173758
2806.435078	0.095146
2807.845807	0.144496
2809.257600	0.145582
2810.670457	0.091939
2812.084381	0.306091
2813.499372	0.252679
2814.915432	0.561967
2816.332561	0.180550
2817.750760	0.257138
2819.170030	0.366128
2820.590374	0.253547
2822.011790	0.170835
2823.434282	0.248101
2824.857850	0.300006
2826.282494	0.170225
2827.936556	0.123037
2830.277237	0.186078
2831.705983	0.312736
2833.135812	0.446881
2834.566724	0.298246
2835.998720	0.109339
2837.431802	0.452979
2838.865970	0.398936
2840.301226	0.263204
2841.737570	0.612962
2843.175005	0.621284
2844.613530	0.333531
2846.053147	0.422598
2847.493858	1.302324
2848.935663	0.284286
2850.378562	0.738859
2851.822559	0.125431
2853.267653	0.297762
2854.713846	0.146354
2856.161138	0.406098
2857.609532	0.296233
2859.059027	0.495327
2860.509626	0.202389
2861.961329	0.569873
2863.414137	0.126490
2864.868052	0.133422
2866.323074	0.119868
2867.779205	0.075267
2869.236446	0.118108
2870.694798	0.190442
2872.154262	0.074422
2873.614840	0.158405
2875.076532	0.606819
2876.539339	0.495541
2878.003263	0.265136
2879.468305	0.278611
2880.934466	0.203473
2882.401747	0.274033
2883.870149	0.243512
2885.339674	0.193660
2886.810321	0.218658
2888.282094	0.109318
2889.754993	0.100574
2891.229018	0.175787
2892.704172	0.071981
2894.180455	0.449122
2895.657868	0.210940
2897.136413	0.238084
2898.616090	0.336026
2900.096902	0.304566
2901.578848	0.295040
2903.061931	0.427854
2904.546151	0.402852
2906.031510	0.029651
2907.518008	0.331727
2909.005647	0.284384
2910.494428	0.300306
2911.984353	0.244968
2913.475421	0.097618
2914.967635	0.126793
2916.460996	0.122785
2917.955505	0.353162
2919.451163	0.193852
2920.947971	0.141459
2922.445931	0.535531
2923.945043	0.261466
2925.445309	0.341286
2927.066904	0.073678
2929.141202	0.094122
2931.909628	0.213895
2933.416029	0.318981
2934.923591	0.419057
2936.432316	0.295981
2937.942204	0.601731
2939.453257	0.162122
2941.177309	0.027093
2942.781680	0.279989
2944.296469	0.296267
2945.812427	0.249589
2947.329557	0.132442
2948.847859	0.068837
2950.367334	0.199918
2951.887985	0.165895
2953.409811	0.235085
2954.932814	0.112893
2956.456996	0.098315
2957.982357	0.117848
2959.508899	0.368298
2961.036623	0.330279
2962.565531	0.054739
2964.095623	0.170337
2965.626900	0.228987
2967.159365	0.159182
2968.693017	0.079118
2970.780831	0.008343
2972.686083	0.252312
2974.224023	0.203533
2975.763157	0.089431
2977.303486	0.136484
2978.845011	0.353695
2980.387734	0.097439
2981.931656	0.224887
2983.476777	0.390385
2985.023100	0.341160
2986.570625	0.443238
2988.119354	0.157047
2989.669288	0.168969
2991.220428	0.292262
2992.772776	0.468855
2994.326332	0.305146
2995.881098	0.303570
2997.437076	0.129673
2998.994266	0.444117
3000.552670	0.360807
3002.112289	0.190566
3003.673125	0.442743
3005.235177	0.291389
3006.798449	0.188603
3008.362941	0.110290
3009.928654	0.281186
3011.495590	0.220419
3013.063749	0.065676
3014.633134	0.235116
3016.203746	0.149613
3017.775585	0.339485
3019.348653	0.125630
3020.922951	0.058732
3022.498481	0.302025
3024.075244	0.448658
3025.653241	0.428714
3027.232474	0.131538
3028.812943	0.368011
3030.394650	0.167615
3031.977597	0.220159
3033.561784	0.066184
3035.147213	0.234558
3036.733886	0.211496
3038.321802	0.284782
3039.910965	0.660863
3041.501375	0.412874
3043.093033	0.262846
3044.685941	0.273759
3046.280100	0.302131
3047.875511	0.152331
3049.472176	0.452787
3051.070096	0.135518
3052.669273	0.268984
3054.269707	0.120082
3055.871399	0.274790
3057.474352	0.179186
3059.078567	0.170529
3060.684044	0.223256
3062.290786	0.258711
3063.898794	0.332113
3065.508068	0.085968
3067.118610	0.092743
3068.730422	0.215093
3070.343505	0.160439
3071.957860	0.329265
3073.573488	0.233681
3075.190392	0.270008
3076.808572	0.213173
3078.428029	0.355499
3080.308288	0.032073
3082.319947	0.235217
3083.943758	0.597318
3085.568853	0.470802
3087.195232	0.509247
3088.822898	0.186838
3090.451851	0.289484
3092.082094	0.366413
3093.713626	0.480815
3095.346450	0.197750
3096.980567	0.192737
3098.615979	0.198150
3100.252686	0.282334
3101.890691	0.237333
3103.529994	0.201641
3105.170596	0.137972
3106.812500	0.197657
3108.455707	0.178792
3110.100218	0.390119
3111.746034	0.551835
3113.393156	0.185852
3115.041587	0.457656
3116.691328	0.272918
3118.342379	0.414164
3119.994743	0.213241
3121.648420	0.254155
3123.303413	0.213396
3124.959721	0.494821
3126.617349	0.135933
3128.276295	0.466631
3129.936561	0.061139
3131.598150	0.496260
3133.261062	0.073340
3134.925299	0.187776
3136.590863	0.533923
3138.257754	0.392462
3139.925975	0.517429
3141.645656	0.222629
3143.767933	0.109781
3145.440550	0.341240
3147.114501	0.337678
3148.789789	0.330103
3150.466416	0.207250
3152.144382	0.389467
3153.823688	0.652578
3155.504338	0.260427
3157.186330	0.234243
3158.869668	0.180328
3160.554353	0.363744
3162.240386	0.325112
3163.961541	0.106318
3165.785449	0.310481
3167.475670	0.099764
3169.167245	0.432380
3170.860175	0.317999
3172.554462	0.845584
3174.250108	0.399987
3175.947113	0.392010
3177.645480	0.230275
3179.345209	0.245494
3181.046302	0.246786
3182.748761	0.165092
3184.452587	0.235135
3186.157782	0.427253
3187.864347	0.264549
3189.572283	0.269524
3191.281592	0.407175
3192.992275	0.359979
3194.704335	0.714579
3196.417771	0.228496
3198.132587	0.076696
3199.848783	0.464470
3201.566360	0.488905
3203.285321	0.198700
3205.005667	0.141845
3206.727399	0.216269
3208.450518	0.406649
3210.175027	0.273191
3211.900927	0.257916
3213.628219	0.439457
3215.356905	0.404337
3217.086986	0.402280
3218.818463	0.292443
3220.551339	0.207574
3222.285614	0.378142
3224.021291	0.437302
3225.758371	0.580667
3227.496854	0.292227
3229.236744	0.623016
3230.978041	0.142359
3232.720747	0.071266
3234.464863	0.023015
3236.210391	0.449390
3237.957332	0.216959
3239.705688	0.467051
3241.455461	0.299456
3243.206652	0.434895
3244.959262	0.114943
3246.713293	0.188682
3248.468747	0.364725
3250.225625	0.768388
3251.983928	0.427745
3253.743658	1.155150
3255.504818	0.457463
3257.267408	0.473483
3259.031429	0.478545
3260.796884	0.109420
3262.563774	0.217108
3264.332100	0.214657
3266.101865	0.162096
3267.873069	0.255859
3269.645714	0.345758
3271.419802	0.358427
3273.195334	0.328674
3275.079040	0.216674
3277.818489	0.231661
3279.599234	0.505114
3281.381430	0.325256
3283.165079	0.356302
3284.950183	0.404405
3286.736744	0.565153
3288.524762	0.194079
3290.314240	0.408300
3292.105178	0.557162
3293.897580	0.490121
3295.691445	0.540553
3297.486777	0.144439
3299.283576	0.619041
3301.081843	0.678225
3302.881582	0.926311
3304.682792	0.816739
3306.485477	0.566368
3308.289637	0.449339
3310.095274	0.836430
3311.902389	0.590983
3313.710985	0.353201
3315.521063	0.259676
3317.332624	0.245835
3319.145671	0.265188
3320.960204	0.337758
3322.776226	0.296373
3324.593737	0.329398
3326.412740	0.248162
3328.233237	0.192427
3330.055228	0.282054
3331.878716	0.442869
3333.703702	0.372381
3335.530188	0.359284
3337.358175	0.107566
3339.187666	0.356057
3341.018661	0.612279
3342.851163	0.220564
3344.685173	0.193563
3346.520692	0.126521
3348.357723	0.321265
3350.196267	0.591856
3352.036326	0.682241
3353.877900	0.426850
3355.720993	0.636487
3357.565606	0.762285
3359.411740	0.673546
3361.259397	0.341294
3363.108579	0.098489
3364.959288	0.407729
3366.811524	0.282861
3368.665290	0.271442
3370.520587	0.416808
3372.377418	0.263652
3374.235784	0.265850
3376.095686	0.373525
3377.957126	0.427698
3379.820106	0.081733
3381.684628	0.362403
3383.550693	0.283901
3385.418303	0.276266
3387.287460	0.523798
3389.158165	0.282865
3391.030420	0.314842
3392.904227	0.349341
3394.779588	0.556004
3396.656504	0.375704
3398.534977	0.440253
3400.415009	0.748957
3402.296601	0.729049
3404.179755	0.506974
3406.064474	0.312995
3408.177290	0.037665
3410.405270	0.147496
3412.295162	0.582771
3414.186625	0.401622
3416.079661	0.462987
3417.974272	0.331990
3419.870459	0.484989
3421.768225	0.347591
3423.667571	0.225819
3425.568499	0.594322
3427.471010	0.539266
3429.375107	0.223119
3431.280791	0.106622
3433.188064	0.163148
3436.472398	0.058490
3438.536896	0.175419
3440.450223	0.306235
3442.365147	0.314740
3444.281670	0.200448
3446.199795	0.341635
3448.119522	0.379687
3450.040854	0.055897
3451.963792	0.480454
3453.888338	0.451121
3455.814494	0.361917
3457.742262	0.290506
3459.671643	0.467463
3461.602640	0.234190
3463.535254	0.337787
3465.469486	0.109849
3467.405340	0.290682
3469.342816	0.146862
3471.281916	0.236496
3473.222642	0.349609
3475.164997	0.422507
3477.108981	0.510519
3479.054597	0.459607
3481.001846	0.175391
3482.950731	0.159988
3484.901253	0.476277
3486.853414	0.164567
3488.807215	0.316847
3490.762659	0.402513
3492.719748	0.847439
3494.678483	0.707203
3496.638866	1.055166
3498.600899	1.320511
3500.564584	1.659383
3502.529923	4.370474
3504.496917	23.629411
3506.465569	2.089554
3508.435880	1.011511
3510.407852	0.664581
3512.381488	0.522488
3514.356788	0.246567
3516.333755	0.474997
3518.312390	0.782413
3520.292697	0.439752
3522.274675	0.312969
3524.258328	0.367975
3526.243657	0.230806
3528.230664	0.283442
3530.219351	0.250862
3532.209720	0.352255
3534.201773	0.699490
3536.195511	0.262392
3538.190937	0.363814
3540.188053	0.539604
3542.186859	0.558160
3544.187359	0.054368
3546.329863	0.163823
3549.597182	0.256907
3551.603964	0.135227
3553.612448	0.198791
3555.622636	0.313113
3557.634531	0.094013
3559.648134	0.466625
3561.663446	0.128380
3563.680471	0.438221
3565.699209	0.297258
3567.719664	0.389707
3569.741836	0.588378
3571.765727	0.344396
3573.791341	0.404612
3575.818678	0.246896
3577.847741	0.975302
3579.878531	0.357958
3581.911051	0.367184
3583.945302	0.259592
3585.981287	0.271108
3588.019007	0.314550
3590.058464	0.169248
3592.099661	0.185155
3594.142600	0.078202
3596.187281	0.311705
3598.233708	0.162589
3600.281882	0.565298
3602.331805	0.269620
3604.383480	0.262540
3606.436908	0.308578
3608.492091	0.431964
3610.549032	0.225535
3612.607732	0.620023
3614.668192	0.539637
3616.730417	0.309832
3618.794406	0.148195
3620.860163	0.162952
3622.927690	0.160841
3624.996987	0.133258
3627.068058	0.145678
3629.140905	0.242549
3631.215528	0.382186
3633.291932	0.456102
3635.370117	0.696419
3637.450085	0.337576
3639.531839	0.625380
3641.615381	0.298490
3643.700712	0.318393
3645.787835	0.465939
3647.876751	0.248809
3649.967464	0.083698
3652.059974	0.516593
3654.154285	0.223578
3656.250398	0.282241
3658.348314	0.356924
3660.448037	0.129962
3662.549568	0.128800
3664.652909	0.453640
3666.758063	0.512764
3668.865031	0.427508
3670.973816	0.243164
3673.084419	0.482896
3675.196843	0.514712
3677.311090	0.235301
3679.427162	0.402293
3681.545061	0.400507
3683.664789	0.188389
3685.786348	0.596243
3687.909741	0.809260
3690.034969	0.560790
3692.162035	0.496384
3694.290940	0.417812
3696.421688	0.385726
3698.554279	0.153533
3700.688716	0.439811
3702.825001	0.507696
3704.963137	0.170597
3707.317226	0.084600
3709.459255	0.519709
3711.603141	0.570552
3713.748885	0.383268
3715.896491	0.268024
3718.045960	0.378095
3720.197296	0.319386
3722.350498	0.288420
3724.505571	0.156766
3726.662515	0.304803
3728.821334	0.409659
3730.982029	0.151669
3733.144604	0.185150
3735.309058	0.266857
3737.475396	0.582415
3739.643619	0.931684
3741.813729	0.590552
3743.985729	0.414296
3746.159620	0.296650
3748.335405	0.081916
3750.513087	0.526992
3752.692667	0.291700
3754.874147	0.309230
3757.057530	0.357729
3759.242817	0.174242
3761.430013	0.106838
3763.619117	0.174495
3765.810133	0.245588
3768.003063	0.103472
3770.197909	0.320845
3772.394673	0.788590
3774.593358	0.423875
3776.793965	0.857336
3778.996498	0.792683
3781.200958	0.752363
3783.407347	0.299199
3785.615668	0.153516
3787.825923	0.748541
3790.038114	0.850865
3792.252244	2.237109
3794.468315	5.195276
3796.686329	31.712820
3798.906288	1.922394
3801.128195	0.476729
3803.352052	1.009320
3805.577860	0.794535
3807.805623	0.285101
3810.035343	0.524265
3812.267022	0.921322
3814.500663	0.096332
3816.736267	0.457732
3818.973837	0.558710
3821.213375	0.343563
3823.454884	0.200156
3825.698366	0.159385
3827.943822	0.255895
3830.191257	0.293721
3832.440671	0.356411
3834.692067	0.121841
3836.945448	0.174241
3839.200816	0.200875
3841.458173	0.647947
3843.717521	0.277515
3845.978863	0.496334
3848.242201	0.265511
3850.507538	0.120978
3852.774876	0.401673
3855.044217	0.066027
3857.315564	0.379280
3859.588918	0.388441
3861.864283	0.419423
3864.141661	0.374243
3866.421053	0.528000
3868.702464	0.528020
3870.985893	0.264254
3873.271345	0.515007
3875.558823	0.241691
3877.848326	0.328593
3880.139859	0.578561
3882.433425	0.659100
3884.729024	0.267061
3887.026660	0.574107
3889.326335	0.463656
3891.628051	0.549821
3893.931811	0.486259
3896.237617	0.491076
3898.545473	0.397934
3900.855379	0.779300
3903.167339	0.662125
3905.481354	0.400245
3907.797429	0.374542
3910.115564	0.410774
3912.435762	0.290137
3914.758027	0.596738
3917.268455	0.039708
3919.874291	0.156042
3922.203182	0.185721
3924.534150	0.422705
3926.867195	0.286287
3929.202322	0.400481
3931.539533	0.221807
3933.878829	0.490709
3936.220214	0.480611
3938.563689	0.532599
3940.909259	0.095463
3943.256924	0.229789
3945.606688	0.610658
3947.958552	0.368159
3950.312520	0.192222
3952.668594	0.820078
3955.026777	0.584885
3957.387070	0.431644
3959.749477	0.795735
3962.114000	0.208497
3964.480641	0.374766
3966.849404	0.709933
3969.220290	0.279842
3971.806988	0.094500
3974.206075	0.380970
3976.583560	0.356041
3978.963180	0.441556
3981.344936	0.359614
3983.728832	0.778718
3986.114869	0.243536
3988.503051	0.501127
3990.893379	0.310169
3993.285857	0.214313
3995.680487	0.977390
3998.077271	0.230584
4000.476213	0.206912
4002.877314	0.242702
4005.280578	0.244430
4007.686007	0.138275
4010.093603	0.365386
4012.503370	0.183073
4014.915309	0.355300
4017.329424	0.493435
4019.745717	0.568063
4022.164190	0.595674
4024.584847	0.372129
4027.007690	0.389422
4029.432721	0.294053
4031.859943	0.430973
4034.289359	0.359395
4036.720971	0.376678
4039.154783	0.815223
4041.590796	0.562516
4044.029014	0.305825
4046.469439	0.370630
4048.912073	0.214891
4051.356921	0.207387
4053.803982	0.611394
4056.253262	0.458897
4058.704763	0.693035
4061.158486	0.578782
4063.614435	0.691727
4066.072613	0.526252
4068.533021	0.878895
4070.995664	0.620523
4073.460543	0.446788
4075.927662	0.201355
4078.397023	0.192859
4080.868628	0.332435
4083.342481	0.224484
4085.818584	0.506740
4088.296940	0.752646
4090.777552	0.603733
4093.260422	0.569474
4095.745552	0.329333
4098.232947	0.372305
4100.722609	0.527409
4103.214540	0.379108
4105.708743	0.246859
4108.205221	0.352899
4110.703977	0.344428
4113.205013	0.353620
4115.708333	0.342122
4118.213938	0.134530
4120.721832	0.280214
4123.232018	0.584597
4125.744498	0.412521
4128.259275	0.460983
4130.776352	0.212072
4133.295732	0.503092
4135.817418	0.136849
4138.341412	0.731221
4140.867717	2.366853
4143.396336	0.633581
4145.927272	0.674835
4148.460528	0.546594
4150.996106	0.520792
4153.534010	0.238024
4156.074242	0.453904
4158.616805	0.159540
4161.161702	0.696683
4163.708935	0.439184
4166.258508	0.229767
4168.810424	0.413830
4171.364685	0.201402
4173.921294	0.307141
4176.480255	0.494498
4179.041569	0.408423
4181.605241	0.767820
4184.171272	0.239302
4186.739666	0.704846
4189.310425	0.663088
4191.883553	0.465040
4194.459052	0.312827
4197.036926	0.268261
4199.617177	0.626134
4202.199808	0.467678
4204.784822	0.378419
4207.372222	0.417820
4209.962011	0.305402
4212.554192	0.445906
4215.148768	0.468401
4217.745742	0.355861
4220.345116	0.607282
4222.946894	0.418748
4225.551079	0.627350
4228.157673	0.499020
4230.766681	0.701789
4233.378103	0.632374
4235.991945	0.678009
4238.608207	0.794946
4241.226895	0.580348
4243.848010	0.393470
4246.471555	0.252535
4249.097534	0.231511
4251.725950	0.428326
4254.356805	0.643415
4256.990103	0.112694
4259.625847	0.338274
4262.264039	0.817965
4264.904683	0.396238
4267.547781	0.343541
4270.193338	0.376260
4272.841355	0.472602
4275.491836	0.443749
4278.144784	0.692623
4280.800202	0.337990
4283.458093	0.141099
4286.118460	0.490632
4288.781307	0.606461
4291.446636	0.280983
4294.114450	0.342778
4296.784753	0.243163
4299.457547	0.538131
4302.132836	0.733965
4304.810623	0.751729
4307.490910	0.497003
4310.173702	1.832814
4312.859000	4.414051
4315.546809	0.828561
4318.237132	0.503728
4320.929971	0.330686
4323.625329	0.709744
4326.323210	0.918498
4329.023618	0.225986
4331.726554	0.563916
4334.432023	0.731447
4337.140027	0.595952
4339.850570	0.393547
4342.563654	0.391489
4345.279283	0.555309
4347.997461	0.598827
4350.718190	0.519748
4353.441473	0.776068
4356.167314	0.462256
4358.895717	0.452354
4361.626682	0.174586
4364.360216	0.754423
4367.096320	0.681800
4369.834998	0.313731
4372.576253	0.464340
4375.320088	0.473951
4378.066506	0.381635
4380.815512	0.421322
4383.567107	0.559157
4386.321296	0.714197
4389.078081	0.331186
4391.837465	0.604595
4394.599453	0.723864
4397.364047	0.389249
4400.131251	0.774250
4402.901068	0.487193
4405.673501	0.560423
4408.448553	0.418333
4411.226228	0.198836
4414.006529	0.654797
4416.789459	0.639351
4419.575022	0.579044
4422.363222	0.277977
4425.154060	1.018571
4427.947541	0.138085
4430.743668	0.445434
4433.542445	0.615432
4436.343874	0.247496
4439.147959	0.214720
4441.954704	0.487976
4444.764112	0.353994
4447.576185	0.243285
4450.390928	0.443202
4453.208344	0.273806
4456.028437	0.960297
4458.851209	0.425761
4461.676664	0.383991
4464.504805	0.294823
4467.335637	0.506012
4470.169162	0.533600
4473.005383	0.295841
4475.844305	0.419329
4478.685930	0.152488
4481.530262	0.356861
4484.377305	0.536756
4487.227061	0.714164
4490.079535	0.265722
4492.934730	0.183765
4495.792649	0.509109
4498.653295	0.478245
4501.516673	0.561490
4504.382785	0.652437
4507.251636	0.543844
4510.123228	0.178519
4512.997566	0.406882
4515.874652	0.579476
4518.754490	0.447227
4521.637084	0.613052
4524.522437	0.625470
4527.410552	0.664935
4530.301434	0.549752
4533.195086	0.733214
4536.091511	0.430618
4538.990713	1.134724
4541.892695	1.300476
4544.797461	0.765513
4547.705015	0.591998
4550.615359	0.841913
4553.528499	2.996094
4556.444436	3.164203
4559.363175	0.761763
4562.284720	0.825127
4565.209074	0.528865
4568.136241	0.279238
4571.066223	0.329961
4573.999026	0.613670
4576.934651	0.584742
4579.873104	0.587749
4582.814388	0.598124
4585.758506	0.683728
4588.705462	0.867611
4591.655260	0.883555
4594.607902	0.990079
4597.563394	5.651026
4600.521739	37.344019
4603.482939	4.572536
4606.447000	1.360051
4609.413925	2.273369
4612.383716	1.352132
4615.356379	0.521611
4618.331916	0.551786
4621.310332	0.588714
4624.291630	0.945284
4627.275814	0.582733
4630.262888	0.809439
4633.252855	0.943540
4636.245718	0.465604
4639.241483	0.596011
4642.240153	0.456693
4645.241730	0.404794
4648.246220	0.275168
4651.253625	0.627623
4654.263951	0.392875
4657.277199	0.751725
4660.293375	0.319943
4663.312481	0.356863
4666.334523	0.622113
4669.359503	1.348020
4672.387426	0.237971
4675.418294	0.507843
4678.452113	0.397317
4681.488886	0.392094
4684.528616	0.668882
4687.571308	0.472336
4690.616965	0.336428
4693.665592	0.507236
4696.717192	0.462746
4699.771768	0.714407
4702.829326	0.376675
4705.889868	0.227989
4708.953399	0.618204
4712.019922	0.598217
4715.089442	0.591725
4718.161962	0.730319
4721.237486	0.351774
4724.316019	0.234636
4727.397563	0.495114
4730.482124	0.371900
4733.569704	0.762010
4736.660308	0.524825
4739.753941	0.882463
4742.850605	0.542987
4745.950305	0.864374
4749.053044	0.511133
4752.158827	0.609031
4755.267658	0.797190
4758.379540	0.547818
4761.494479	0.766161
4764.612476	0.719317
4767.733538	0.697021
4770.857667	1.159934
4773.984868	0.785394
4777.115145	0.345822
4780.248501	0.588070
4783.384941	0.425719
4786.524469	0.575234
4789.667089	0.177154
4792.812805	0.656579
4795.961621	0.374652
4799.113541	0.381685
4802.268570	0.253672
4805.426710	0.468472
4808.587967	0.199574
4811.752345	0.470848
4814.919847	0.371673
4818.090477	0.961349
4821.264241	0.868902
4824.441142	0.505724
4827.621183	0.349107
4830.804370	0.301877
4833.990706	0.525730
4837.180196	0.408405
4840.372844	0.893081
4843.568653	0.468411
4846.767629	0.551607
4849.969774	0.935371
4853.175095	0.344668
4856.383593	0.718995
4859.595275	0.447288
4862.810144	0.454338
4866.028203	0.628091
4869.249459	0.649774
4872.473914	0.461855
4875.701573	0.319984
4878.932440	0.293563
4882.166520	0.524633
4885.403817	0.522845
4888.644334	0.480105
4891.888076	0.589304
4895.135048	0.573272
4898.385255	0.482360
4901.638699	0.302517
4904.895385	0.755859
4908.155318	0.457767
4911.418503	0.817409
4914.684943	1.520105
4917.954642	1.085169
4921.227605	0.920103
4924.503837	7.331037
4927.783342	43.801290
4931.066123	28.327956
4934.352186	2.138079
4937.641536	1.979961
4940.934175	1.331013
4944.230109	0.676648
4947.529342	0.988214
4950.831878	0.295766
4954.137722	0.253871
4957.446879	0.477268
4960.759351	0.392203
4964.075145	0.962563
4967.394265	0.633739
4970.716715	0.326842
4974.042499	0.503835
4977.371622	0.261799
4980.704089	0.572332
4984.039903	0.458397
4987.379070	0.319605
4990.721594	0.416800
4994.067479	0.671453
4997.416729	0.311447
5000.769351	0.605605
5004.125347	0.322814
5007.484722	0.363575
5010.847482	0.349947
5014.213630	0.223025
5017.583171	0.925931
5020.956109	0.619804
5024.332450	0.683026
5027.712198	0.512455
5031.095357	0.376541
5034.481932	0.476324
5037.871928	0.737547
5041.265348	0.870039
5044.662199	0.818942
5048.062484	1.040814
5051.466208	0.941474
5054.873375	0.610605
5058.283991	1.298153
5061.698060	1.652412
5065.115587	0.886773
5068.536576	0.814346
5071.961031	0.438268
5075.388959	0.752792
5078.820363	0.580051
5082.255248	0.492522
5085.693619	0.701303
5089.135480	0.581630
5092.580836	1.484364
5096.029693	0.620165
5099.482054	0.610699
5102.937924	0.324247
5106.397309	0.239854
5109.860213	0.360586
5113.326641	0.562835
5116.796597	0.630505
5120.270086	0.763327
5123.747114	0.275035
5127.227684	0.464037
5130.711802	0.268598
5134.199473	0.704442
5137.690701	0.870650
5141.185492	0.719656
5144.683849	1.122007
5148.185779	0.654085
5151.691285	0.461971
5155.200373	0.712730
5158.713047	0.800372
5162.229313	0.842068
5165.749175	0.500020
5169.272639	0.555281
5172.799709	0.364617
5176.330389	0.367997
5179.864687	0.786560
5183.402604	0.510679
5186.944148	0.208392
5190.489322	0.397164
5194.038133	0.893986
5197.590584	0.725297
5201.146681	0.742211
5204.706429	0.466050
5208.269833	0.811246
5211.836897	0.834598
5215.407627	0.893282
5218.982028	1.142255
5222.560105	0.805468
5226.141863	0.572318
5229.727306	0.672247
5233.316441	0.865902
5236.909272	0.427814
5240.505804	0.862016
5244.106042	0.879382
5247.709991	0.931303
5251.317657	0.464816
5254.929045	0.582004
5258.544159	1.246091
5262.163005	0.383723
5265.785588	0.239866
5269.411913	0.709557
5273.041985	0.556780
5276.675810	0.882246
5280.313392	0.386891
5283.954737	0.759686
5287.599850	0.481723
5291.248736	0.952877
5294.901400	0.945740
5298.557849	0.766000
5302.218085	1.498544
5305.882116	5.110435
5309.549946	17.850321
5313.221581	1.326859
5316.897026	1.193674
5320.576285	0.656075
5324.259365	0.355603
5327.946271	0.787213
5331.637007	0.552541
5335.331580	0.804546
5339.029995	0.411379
5342.732256	0.408764
5346.438370	0.684956
5350.148341	0.540817
5353.862175	0.347036
5357.579878	0.460754
5361.301454	0.254546
5365.026909	0.420202
5368.756249	0.843037
5372.489478	0.827106
5376.226603	0.672530
5379.967629	1.619982
5383.712560	0.421015
5387.461404	0.341631
5391.214164	1.043908
5394.970847	0.959119
5398.731457	0.516593
5402.496001	0.235875
5406.264484	1.019895
5410.036912	0.937812
5413.813289	0.935105
5417.593622	0.665411
5421.377916	0.601401
5425.166176	0.689040
5428.958408	0.558436
5432.754618	0.472181
5436.554811	0.475589
5440.358992	1.098953
5444.167169	0.567172
5447.979345	0.541950
5451.795526	0.352670
5455.615719	0.596351
5459.439928	0.641277
5463.268160	0.490735
5467.100420	0.571386
5470.936713	0.402999
5474.777046	0.924648
5478.621424	0.515670
5482.469852	0.703580
5486.322337	0.812361
5490.178884	0.460952
5494.039499	0.425052
5497.904188	0.707946
5501.772955	1.061263
5505.645808	0.692356
5509.522751	0.731543
5513.403791	0.737572
5517.288933	0.736297
5521.178184	0.603008
5525.071548	1.218067
5528.969032	0.746414
5532.870641	0.808186
5536.776381	0.818490
5540.686259	1.444801
5544.600280	1.004446
5548.518450	1.184225
5552.440774	1.450569
5556.367259	1.171342
5560.297910	0.756205
5564.232734	0.719881
5568.171737	0.497729
5572.114923	0.638719
5576.062299	0.707488
5580.013872	0.759648
5583.969646	0.593187
5587.929629	0.598070
5591.893825	0.852302
5595.862241	0.556939
5599.834884	0.476745
5603.811758	0.552208
5607.792870	0.957558
5611.778226	1.190013
5615.767833	0.659206
5619.761695	0.683828
5623.759819	0.692275
5627.762212	0.811294
5631.768878	0.935877
5635.779825	0.597389
5639.795058	0.931911
5643.814584	0.405935
5647.838409	0.495401
5651.866538	0.549108
5655.898979	1.674642
5659.935736	0.484638
5663.976817	0.639313
5668.022227	0.800596
5672.071973	1.195373
5676.126060	1.434124
5680.184496	0.980765
5684.247286	1.004607
5688.314436	0.551439
5692.385953	0.997040
5696.461843	0.521633
5700.542112	0.494666
5704.626767	0.747864
5708.715813	0.632442
5712.809258	0.603081
5716.907107	0.837592
5721.009367	0.457019
5725.116043	0.866857
5729.227144	1.371358
5733.342673	0.760367
5737.462639	0.427766
5741.587048	0.265432
5745.715905	0.774411
5749.849218	0.576513
5753.986992	0.621422
5758.129235	0.679069
5762.275952	0.274136
5766.427150	0.803014
5770.582836	0.646643
5774.743015	0.874984
5778.907695	1.662098
5783.076882	0.701154
5787.250582	0.432149
5791.428803	0.520022
5795.611549	0.922116
5799.798829	0.667779
5803.990648	1.188395
5808.187013	0.521348
5812.387931	1.080411
5816.593409	1.144647
5820.803452	1.497327
5825.018068	0.662280
5829.237263	0.936857
5833.461043	1.249069
5837.689416	0.579651
5841.922388	1.251109
5846.159966	0.925938
5850.402156	0.749263
5854.648966	0.848097
5858.900401	0.628974
5863.156468	0.763889
5867.417175	1.035747
5871.682528	1.251258
5875.952534	0.871397
5880.227200	0.391044
5884.506531	0.899821
5888.790536	1.306302
5893.079221	1.554576
5897.372592	0.622465
5901.670657	1.073611
5905.973423	0.933577
5910.280896	1.257909
5914.593083	1.143485
5918.909991	0.897147
5923.231627	1.278433
5927.557997	0.916848
5931.889110	0.767619
5936.224971	1.262759
5940.565588	1.627289
5944.910967	1.061235
5949.261116	1.086948
5953.616042	1.166636
5957.975751	0.746735
5962.340250	0.342182
5966.709548	0.988840
5971.083649	1.073708
5975.462563	0.662882
5979.846295	0.797478
5984.234853	0.949305
5988.628244	1.107442
5993.026474	1.169096
5997.429552	0.407986
6001.837484	0.698858
6006.250278	0.848143
6010.667940	0.851375
6015.090477	0.778574
6019.517898	0.864664
6023.950208	0.485258
6028.387415	1.114882
6032.829528	1.219974
6037.276551	1.746450
6041.728494	0.792379
6046.185363	0.747392
6050.647165	0.892804
6055.113908	1.481453
6059.585599	1.208922
6064.062246	1.212556
6068.543855	0.950168
6073.030434	1.582646
6077.521990	1.453027
6082.018531	0.854426
6086.520065	1.618815
6091.026597	0.466941
6095.538137	0.919469
6100.054691	0.572711
6104.576267	0.938591
6109.102872	1.204646
6113.634513	1.273125
6118.171199	1.345967
6122.712936	1.034585
6127.259733	1.331137
6131.811596	1.266143
6136.368533	1.262593
6140.930552	1.282348
6145.497660	1.493918
6150.069865	1.236351
6154.647175	1.098718
6159.229597	1.032995
6163.817138	0.497989
6168.409806	1.697016
6173.007609	1.390653
6177.610556	1.042027
6182.218652	0.814937
6186.831906	1.448338
6191.450326	1.012430
6196.073919	1.052710
6200.702694	0.894564
6205.336657	0.826920
6209.975816	1.154134
6214.620180	0.864320
6219.269757	1.460371
6223.924553	1.464931
6228.584577	0.902895
6233.249836	1.075853
6237.920340	1.308688
6242.596094	0.984966
6247.277107	0.642777
6251.963388	1.711002
6256.654943	0.945910
6261.351782	1.022819
6266.053911	1.225548
6270.761339	0.855874
6275.474074	1.597980
6280.192124	1.193112
6284.915496	0.828962
6289.644199	1.295005
6294.378241	1.699292
6299.117629	1.590808
6303.862373	1.519855
6308.612479	1.386967
6313.367956	0.860584
6318.128813	1.608199
6322.895056	1.637030
6327.666695	0.861708
6332.443738	1.074275
6337.226192	1.146066
6342.014066	0.782731
6346.807368	1.027915
6351.606106	0.455641
6356.410289	1.158255
6361.219924	1.621174
6366.035021	0.802237
6370.855586	1.776785
6375.681629	0.574358
6380.513158	0.998131
6385.350181	1.248064
6390.192707	1.348905
6395.040743	1.161088
6399.894299	1.532154
6404.753382	1.359833
6409.618001	1.911320
6414.488164	1.538043
6419.363880	1.796827
6424.245158	1.160161
6429.132005	1.761094
6434.024430	1.741111
6438.922442	2.221626
6443.826049	1.218567
6448.735260	1.230543
6453.650083	1.950499
6458.570527	2.117734
6463.496601	1.705741
6468.428312	1.292398
6473.365670	1.299973
6478.308683	1.466084
6483.257360	2.158431
6488.211709	1.198765
6493.171740	1.798569
6498.137460	2.134982
6503.108880	1.418849
6508.086006	1.772855
6513.068848	1.816236
6518.057415	1.746515
6523.051716	1.421245
6528.051759	2.073879
6533.057553	1.793685
6538.069107	1.345685
6543.086430	1.158918
6548.109531	1.836907
6553.138418	1.674750
6558.173101	1.698454
6563.213588	0.976846
6568.259888	1.634948
6573.312011	1.542519
6578.369964	1.574174
6583.433758	1.603077
6588.503401	1.898994
6593.578902	1.539754
6598.660271	1.217090
6603.747515	0.981361
6608.840645	1.598433
6613.939669	1.678266
6619.044597	1.377680
6624.155438	1.466115
6629.272200	1.076127
6634.394893	0.922676
6639.523526	1.301739
6644.658108	1.551571
6649.798649	1.051917
6654.945157	1.503501
6660.097642	1.772305
6665.256114	2.290247
6670.420581	2.039565
6675.591053	1.727185
6680.767538	1.796462
6685.950047	2.057243
6691.138589	1.007609
6696.333173	1.088979
6701.533808	0.741252
6706.740505	2.585889
6711.953272	1.435700
6717.172118	1.732992
6722.397054	1.047295
6727.628088	1.599931
6732.865230	1.742294
6738.108490	1.468729
6743.357878	1.417298
6748.613402	1.604044
6753.875073	1.549508
6759.142899	1.951068
6764.416891	1.913113
6769.697058	1.316991
6774.983410	1.820070
6780.275957	1.172210
6785.574707	2.858264
6790.879672	1.708073
6796.190860	1.348249
6801.508281	1.448883
6806.831946	1.593415
6812.161863	1.299023
6817.498043	1.981080
6822.840495	2.034728
6828.189230	1.588139
6833.544257	1.154587
6838.905586	0.787845
6844.273227	2.072452
6849.647189	2.005106
6855.027484	2.510479
6860.414120	1.684243
6865.807107	2.371587
6871.206457	2.062727
6876.612178	1.852739
6882.024281	2.463730
6887.442775	2.174673
6892.867672	2.096432
6898.298980	1.386245
6903.736711	2.056601
6909.180873	1.422491
6914.631478	2.702961
6920.088535	2.267762
6925.552055	1.880577
6931.022048	2.804995
6936.498524	1.978633
6941.981493	1.904982
6947.470966	1.794812
6952.966953	2.065643
6958.469464	1.870406
6963.978509	1.484593
6969.494100	2.259210
6975.016246	2.137127
6980.544957	2.481908
6986.080244	2.784632
6991.622118	2.444160
6997.170589	1.386302
7002.725668	2.378711
7008.287364	2.684120
7013.855689	2.428232
7019.430653	2.927277
7025.012266	1.475873
7030.600539	1.201891
7036.195483	1.970070
7041.797109	1.842863
7047.405426	1.237673
7053.020447	1.320517
7058.642180	1.654689
7064.270637	2.563445
7069.905830	2.374513
7075.547768	2.153641
7081.196462	2.466303
7086.851923	2.098361
7092.514162	3.226200
7098.183190	2.968163
7103.859017	1.629697
7109.541655	1.247106
7115.231114	2.532364
7120.927406	2.314356
7126.630541	2.238802
7132.340529	2.707167
7138.057383	2.582892
7143.781114	2.717740
7149.511731	2.677921
7155.249247	2.928741
7160.993672	2.500222
7166.745018	2.031764
7172.503295	2.359498
7178.268515	2.586587
7184.040689	2.551260
7189.819828	2.629359
7195.605943	3.104626
7201.399046	2.867057
7207.199147	3.021489
7213.006259	2.657379
7218.820392	2.890139
7224.641557	2.750143
7230.469767	2.442964
7236.305032	2.424651
7242.147363	3.821136
7247.996774	3.626628
7253.853273	3.436885
7259.716874	2.365550
7265.587587	3.010489
7271.465424	3.736615
7277.350397	3.254825
7283.242517	2.910360
7289.141797	2.585371
7295.048246	2.103106
7300.961877	4.008159
7306.882702	3.151520
7312.810732	4.200734
7318.745980	2.780644
7324.688455	3.418872
7330.638172	2.878776
7336.595141	2.438635
7342.559374	3.551088
7348.530882	4.236573
7354.509678	2.575289
7360.495774	3.334275
7366.489181	2.711361
7372.489912	2.533710
7378.497977	4.202761
7384.513390	4.252435
7390.536163	3.821871
7396.566306	2.308729
7402.603833	4.565839
7408.648755	4.787150
7414.701085	2.666193
7420.760834	3.204596
7426.828014	4.485178
7432.902639	4.817915
7438.984719	3.651587
7445.074268	4.091941
7451.171297	4.277755
7457.275819	4.189162
7463.387846	4.796513
7469.507390	3.652625
7475.634463	4.598439
7481.769079	3.028678
7487.911249	2.973401
7494.060986	3.602539
7500.218301	4.298040
7506.383209	4.785543
7512.555721	3.558708
7518.735849	4.753171
7524.923607	4.255593
7531.119006	3.788457
7537.322059	4.240294
7543.532780	4.855761
7549.751180	4.559940
7555.977272	4.161001
7562.211070	3.696033
7568.452584	4.268665
7574.701830	3.796677
7580.958818	4.775068
7587.223563	4.270801
7593.496076	3.741124
7599.776372	3.902682
7606.064461	3.095260
7612.360358	4.376241
7618.664075	4.331262
7624.975626	4.627299
7631.295023	2.857853
7637.622279	3.098358
7643.957408	4.377248
7650.300422	5.084994
7656.651335	5.575668
7663.010159	4.601075
7669.376908	4.844225
7675.751594	3.670020
7682.134233	4.187718
7688.524835	5.730851
7694.923415	4.515246
7701.329987	5.092818
7707.744562	6.040962
7714.167155	4.155671
7720.597778	5.075140
7727.036446	5.276436
7733.483172	6.032138
7739.937969	5.492631
7746.400851	5.084960
7752.871831	5.500531
7759.350923	4.130824
7765.838140	4.340888
7772.333496	7.422739
7778.837004	4.400881
7785.348679	4.515493
7791.868533	4.981145
7798.396581	4.659881
7804.932836	5.395616
7811.477313	6.240445
7818.030024	5.045812
7824.590984	4.931317
7831.160206	5.340258
7837.737705	5.444420
7844.323493	5.153622
7850.917587	5.661741
7857.519998	4.075304
7864.130742	4.059738
7870.749832	4.267919
7877.377281	5.150428
7884.013106	6.988165
7890.657319	7.232327
7897.309935	6.117207
7903.970967	4.999578
7910.640430	5.487925
7917.318339	6.015198
7924.004707	5.722834
7930.699549	4.948843
7937.402879	5.257055
7944.114711	4.467068
7950.835061	5.646884
7957.563941	4.774674
7964.301367	5.924329
7971.047354	8.637742
7977.801915	8.175951
7984.565066	6.509493
7991.336820	7.650227
7998.117193	6.553269
8004.906198	6.130178
8011.703852	6.738409
8018.510168	4.819912
8025.325161	5.779227
8032.148846	6.638260
8038.981237	5.354199
8045.822350	6.728362
8052.672200	9.051162
8059.530800	7.829842
8066.398167	6.526763
8073.274315	5.791506
8080.159258	7.634314
8087.053013	6.716511
8093.955595	6.226495
8100.867017	6.158326
8107.787295	5.010548
8114.716445	6.915046
8121.654482	8.191560
8128.601420	8.733939
8135.557275	8.824657
8142.522063	7.079575
8149.495798	7.121248
8156.478496	6.252589
8163.470173	7.464751
8170.470843	7.936637
8177.480522	6.200018
8184.499226	9.922685
8191.526970	8.247459
8198.563770	7.164887
8205.609641	7.365620
8212.664598	9.135045
8219.728658	9.520457
8226.801836	7.116734
8233.884148	5.307883
8240.975610	7.459285
8248.076236	7.665509
8255.186044	5.932673
8262.305049	8.183665
8269.433266	8.156699
8276.570712	9.695317
8283.717403	9.764397
8290.873354	7.804655
8298.038582	8.187588
8305.213103	8.570593
8312.396932	7.416361
8319.590087	8.180012
8326.792582	7.880598
8334.004434	9.049646
8341.225660	8.532265
8348.456275	9.638275
8355.696297	9.770760
8362.945740	9.021799
8370.204622	9.316499
8377.472959	9.351409
8384.750768	8.683245
8392.038064	7.207421
8399.334865	10.140597
8406.641187	8.879073
8413.957046	9.735556
8421.282459	10.515372
8428.617443	12.249284
8435.962015	7.577971
8443.316190	11.283580
8450.679986	9.035769
8458.053420	12.281528
8465.436509	9.852882
8472.829269	8.715563
8480.231717	10.983931
8487.643870	9.293083
8495.065746	10.936055
8502.497361	10.447669
8509.938732	8.847739
8517.389876	7.980716
8524.850810	12.503200
8532.321553	8.867214
8539.802120	10.722923
8547.292529	11.374721
8554.792797	10.343068
8562.302942	9.040427
8569.822981	11.620909
8577.352932	11.325417
8584.892811	10.604542
8592.442636	10.159407
8600.002425	10.017211
8607.572195	10.239040
8615.151964	11.168219
8622.741750	10.570317
8630.341570	12.866260
8637.951441	8.144640
8645.571382	7.835068
8653.201411	11.528256
8660.841544	12.519962
8668.491801	10.761582
8676.152199	12.762160
8683.822755	11.644015
8691.503488	11.489058
8699.194416	13.555296
8706.895557	12.883964
8714.606928	11.129775
8722.328549	13.633060
8730.060437	11.934337
8737.802610	13.826444
8745.555088	13.766298
8753.317887	13.076353
8761.091026	12.770640
8768.874524	12.234428
8776.668399	11.175661
8784.472671	14.156213
8792.287355	14.711621
8800.112473	11.269388
8807.948042	15.944385
8815.794080	14.706975
8823.650607	11.805463
8831.517641	11.020743
8839.395201	13.867546
8847.283306	14.411206
8855.181974	12.949676
8863.091225	13.882974
8871.011077	12.163986
8878.941549	16.640307
8886.882660	13.984138
8894.834430	13.142485
8902.796877	16.521745
8910.770021	15.364139
8918.753880	13.651639
8926.748475	12.536650
8934.753823	14.740528
8942.769944	17.268758
8950.796859	15.891575
8958.834586	16.328467
8966.883144	15.485498
8974.942553	16.732919
8983.012833	14.308083
8991.094003	13.774777
8999.186083	17.130030
9007.289092	16.641391
9015.403050	15.028964
9023.527977	16.452253
9031.663893	15.346016
9039.810817	15.232202
9047.968769	19.586994
9056.137770	18.898907
9064.317838	15.606968
9072.508995	18.918463
9080.711260	15.306376
9088.924654	16.585778
9097.149195	17.222594
9105.384906	19.489293
9113.631805	22.904910
9121.889913	16.605260
9130.159251	18.232565
9138.439839	20.441772
9146.731697	19.892822
9155.034845	21.237403
9163.349305	14.854771
9171.675096	20.678737
9180.012240	19.525730
9188.360757	18.112550
9196.720668	18.209368
9205.091993	18.970914
9213.474753	20.645166
9221.868969	21.516768
9230.274663	21.500960
9238.691854	18.696884
9247.120564	22.753683
9255.560814	18.149713
9264.012625	20.625226
9272.476019	16.869995
9280.951015	21.367482
9289.437636	24.287809
9297.935902	20.167542
9306.445836	21.831307
9314.967458	21.390161
9323.500790	22.872332
9332.045854	21.508698
9340.602670	24.057758
9349.171260	22.624841
9357.751647	20.617531
9366.343851	26.064269
9374.947895	20.491952
9383.563800	14.822434
9392.191588	30.622637
9400.831280	21.430669
9409.482900	19.138503
9418.146468	21.977335
9426.822006	24.381166
9435.509538	24.757901
9444.209085	23.484247
9452.920668	26.121651
9461.644311	25.034752
9470.380035	26.916197
9479.127864	22.471637
9487.887818	25.925616
9496.659921	24.262057
9505.444195	27.964232
9514.240663	25.734717
9523.049347	24.696402
9531.870270	23.653240
9540.703455	27.052200
9549.548924	30.031576
9558.406700	28.755078
9567.276805	24.911788
9576.159264	25.121839
9585.054099	29.101539
9593.961332	20.302192
9602.880986	32.261950
9611.813087	23.987393
9620.757654	29.676657
9629.714714	23.223953
9638.684288	30.094007
9647.666400	26.119585
9656.661073	31.222357
9665.668331	33.568922
9674.688196	26.493598
9683.720694	28.026163
9692.765847	29.620249
9701.823679	28.185389
9710.894214	21.683256
9719.977475	33.206515
9729.073486	27.342970
9738.182272	28.625849
9747.303856	36.172218
9756.438262	36.157272
9765.585514	32.147268
9774.745636	37.534092
9783.918652	31.786970
9793.104588	31.948426
9802.303466	39.491814
9811.515311	30.824625
9820.740147	36.643788
9829.978000	32.616914
9839.228893	37.552369
9848.492852	30.668825
9857.769900	38.219130
9867.060062	34.891135
9876.363363	37.367222
9885.679829	33.333516
9895.009482	38.978490
9904.352350	34.508662
9913.708456	35.831877
9923.077826	38.368075
9932.460484	34.565198
9941.856457	37.519306
9951.265768	49.082613
9960.688444	40.836857
9970.124509	37.166811
9979.573989	37.439833
9989.036910	35.179782
9998.513297	36.174679
10008.003175	52.350857
10017.506570	37.008677
10027.023508	35.145185
10036.554015	32.922179
10046.098116	36.534460
10055.655837	44.979708
10065.227204	45.569317
10074.812244	38.014169
10084.410982	36.915790
10094.023444	34.334428
10103.649656	37.926407
10113.289645	56.246202
10122.943437	38.717283
10132.611059	41.987947
10142.292536	38.640123
10151.987896	32.194107
10161.697165	57.890621
10171.420369	48.753448
10181.157535	42.086426
10190.908691	39.941657
10200.673861	38.488579
10210.453075	44.968204
10220.246358	55.859710
10230.053737	49.817069
10239.875240	36.252857
10249.710894	41.631212
10259.560726	59.236462
10269.424763	47.672715
10279.303033	47.295163
10289.195562	46.073126
10299.102379	43.780659
10309.023511	57.650351
10318.958985	43.253932
10328.908829	52.937359
10338.873072	49.460940
10348.851739	44.728044
10358.844861	56.231630
10368.852464	49.438858
10378.874576	48.800863
10388.911226	65.454776
10398.962441	51.181305
10409.028251	67.942126
10419.108682	56.225973
10429.203764	39.962711
10439.313525	58.813923
10449.437993	48.862089
10459.577197	57.920041
10469.731165	61.308283
10479.899927	53.680084
10490.083510	48.419031
10500.281944	63.880555
10510.495258	35.556075
10520.723480	67.252035
10530.966640	50.661282
10541.224767	53.293483
10551.497889	49.886215
10561.786037	53.189703
10572.089239	54.163186
10582.407525	62.067675
10592.740924	51.386871
10603.089466	51.316781
10613.453181	51.278274
10623.832097	45.343688
10634.226245	67.451983
10644.635655	61.435320
10655.060357	50.418035
10665.500380	52.993379
10675.955754	48.033003
10686.426510	86.155663
10696.912679	59.652428
10707.414289	63.089883
10717.931371	53.509371
10728.463957	56.271794
10739.012075	90.548925
10749.575758	55.034883
10760.155035	59.316507
10770.749938	50.694679
10781.360496	58.505211
10791.986742	75.542558
10802.628705	56.037971
10813.286417	59.907772
10823.959909	62.957701
10834.649212	63.177984
10845.354358	64.015191
10856.075377	74.479455
10866.812301	59.578686
10877.565162	58.967911
10888.333990	67.411083
10899.118819	66.793376
10909.919679	60.917357
10920.736602	64.293471
10931.569621	65.852592
10942.418766	65.062133
10953.284070	68.836348
10964.165566	74.170220
10975.063285	63.955944
10985.977260	64.159691
10996.907522	78.975356
11007.854106	72.380235
11018.817041	66.049479
11029.796363	72.603549
11040.792102	64.423084
11051.804293	73.796765
11062.832967	70.206445
11073.878158	66.826365
11084.939899	77.238234
11096.018222	69.218167
11107.113162	74.147983
11118.224750	71.350732
11129.353021	66.800815
11140.498008	74.053718
11151.659744	72.678049
11162.838263	75.422223
11174.033599	78.928874
11185.245786	77.855700
11196.474856	75.133449
11207.720845	64.652880
11218.983786	70.108967
11230.263713	64.988306
11241.560660	72.551865
11252.874662	70.152869
11264.205753	67.675372
11275.553967	66.303687
11286.919340	72.325890
11298.301905	68.728849
11309.701697	69.686832
11321.118752	61.023779
11332.553103	85.534101
11344.004786	75.056325
11355.473836	82.057988
11366.960289	62.575477
11378.464178	74.990025
11389.985540	60.503316
11401.524410	100.000000
11413.080823	74.740198
11424.654816	67.819959
11436.246423	63.456587
11447.855681	76.064858
11459.482625	84.435426
11471.127291	66.906324
11482.789716	65.460678
11494.469936	73.916497
11506.167986	90.679436
11517.883902	83.730676
11529.617723	66.447396
11541.369483	66.968747
11553.139220	75.991037
11564.926970	84.154032
11576.732769	86.048618
11588.556656	73.706932
11600.398666	71.912782
11612.258838	75.333753
11624.137207	73.151212
11636.033811	73.430505
11647.948689	68.263095
11659.881876	72.239936
11671.833410	69.103533
11683.803330	71.397934
11695.791673	78.194063
11707.798477	72.372374
11719.823779	85.395611
11731.867618	69.479583
11743.930031	72.856586
11756.011058	78.754573
11768.110736	78.286751
11780.229104	67.997977
11792.366200	67.493681
11804.522063	71.185032
11816.696732	75.456253
11828.890245	78.401914
11841.102641	70.178001
11853.333960	80.725856
11865.584240	74.609328
11877.853521	87.403680
11890.141842	70.335329
11902.449242	74.401039
11914.775761	82.111930
11927.121439	77.415318
11939.486314	69.721566
11951.870428	80.754453
11964.273820	77.826523
11976.696530	60.356488
11989.138598	75.561194
12001.600065	65.475849
12014.080970	77.761974
12026.581354	65.359984
12039.101258	77.403393
12051.640723	70.810106
12064.199789	76.549595
12076.778497	65.320843
12089.376888	78.675354
12101.995003	73.320643
12114.632883	64.811145
12127.290571	65.038624
12139.968106	71.500059
12152.665531	65.174175
12165.382886	67.326416
12178.120215	74.353623
12190.877559	67.482572
12203.654959	72.315380
12216.452459	69.415191
12229.270099	66.393035
12242.107922	65.084726
12254.965971	68.918741
12267.844289	66.318004
12280.742917	74.416451
12293.661898	66.457478
12306.601276	67.361649
12319.561094	75.002142
12332.541394	70.236042
12345.542219	64.063576
12358.563613	68.419123
12371.605620	68.706422
12384.668282	71.435866
12397.751644	70.015119
12410.855749	63.443651
12423.980641	67.056135
12437.126364	74.352866
12450.292962	75.623464
12463.480480	64.904960
12476.688962	68.306094
12489.918452	64.288805
12503.168994	64.481611
12516.440635	65.468910
12529.733417	59.878297
12543.047386	65.261729
12556.382589	65.721704
12569.739068	56.577820
12583.116870	65.842833
12596.516040	54.392626
12609.936624	61.290826
12623.378667	59.120461
12636.842216	64.934288
12650.327316	66.879025
12663.834012	64.663959
12677.362351	56.727915
12690.912380	62.254246
12704.484145	60.128801
12718.077693	61.401166
12731.693069	56.788433
12745.330321	52.222994
12758.989495	54.805246
12772.670640	63.038492
12786.373801	56.985687
12800.099026	58.593560
12813.846363	52.841631
12827.615858	53.868982
12841.407560	49.768395
12855.221517	53.305648
12869.057776	54.538355
12882.916385	53.116314
12896.797393	56.544576
12910.700847	57.792612
12924.626797	53.490962
12938.575291	52.995871
12952.546377	57.846014
12966.540104	53.883665
12980.556522	49.926681
12994.595679	52.269669
13008.657624	55.059178
13022.742407	55.057650
13036.850078	49.093754
13050.980685	48.776910
13065.134280	47.557552
13079.310911	50.019671
13093.510628	51.219782
13107.733482	55.676538
13121.979524	44.944848
13136.248803	48.434143
13150.541370	49.354159
13164.857275	46.184457
13179.196571	49.821726
13193.559307	48.803324
13207.945535	52.723808
13222.355305	53.040485
13236.788670	49.545498
13251.245681	46.371153
13265.726390	38.614935
13280.230848	42.602959
13294.759107	49.188445
13309.311220	51.231571
13323.887239	45.008641
13338.487215	44.293121
13353.111203	47.401763
13367.759253	45.364811
13382.431420	45.753868
13397.127756	50.045708
13411.848314	43.855014
13426.593148	39.920885
13441.362310	41.832179
13456.155856	40.248013
13470.973837	39.655034
13485.816308	42.518315
13500.683323	41.772302
13515.574937	42.749307
13530.491203	42.848080
13545.432175	42.216822
13560.397909	40.411555
13575.388460	38.752916
13590.403882	38.035869
13605.444229	38.588837
13620.509558	38.248704
13635.599925	38.750845
13650.715382	38.458343
13665.855988	42.918217
13681.021798	41.069550
13696.212868	40.834330
13711.429253	38.872393
13726.671010	36.218643
13741.938196	36.539773
13757.230867	35.446322
13772.549080	32.737047
13787.892892	38.282366
13803.262360	33.217810
13818.657540	33.152031
13834.078492	30.003609
13849.525271	31.901665
13864.997936	31.906696
13880.496545	31.847951
13896.021155	32.310370
13911.571825	28.829825
13927.148614	34.346258
13942.751579	35.254500
13958.380779	33.859832
13974.036274	29.815581
13989.718122	31.826176
14005.426383	32.149883
14021.161116	35.635014
14036.922379	32.377317
14052.710234	30.360587
14068.524740	33.282916
14084.365956	29.651433
14100.233944	31.339187
14116.128763	24.329956
14132.050474	28.009763
14147.999138	31.157926
14163.974815	28.378952
14179.977567	31.017309
14196.007454	30.620115
14212.064539	31.157104
14228.148883	29.151175
14244.260547	26.765757
14260.399593	26.031786
14276.566084	23.990214
14292.760081	30.023731
14308.981648	30.537843
14325.230846	21.988639
14341.507739	22.336481
14357.812390	22.341470
14374.144861	25.374029
14390.505216	24.588067
14406.893519	25.606825
14423.309833	28.082808
14439.754222	27.996806
14456.226750	22.860910
14472.727482	23.293556
14489.256482	21.593196
14505.813813	23.400382
14522.399542	22.300187
14539.013734	20.022096
14555.656452	22.095867
14572.327764	23.961890
14589.027733	21.590357
14605.756426	25.995855
14622.513910	21.712958
14639.300249	23.842469
14656.115510	22.857789
14672.959761	20.467376
14689.833066	20.983043
14706.735494	19.802706
14723.667112	22.698856
14740.627985	15.756046
14757.618183	21.778851
14774.637773	18.238643
14791.686822	20.971545
14808.765398	20.570455
14825.873570	18.967417
14843.011407	17.064500
14860.178976	19.295592
14877.376347	19.084493
14894.603588	17.490048
14911.860769	17.657809
14929.147960	19.720994
14946.465229	15.584434
14963.812648	19.281574
14981.190284	14.231450
14998.598210	17.421458
15016.036495	20.169794
15033.505210	18.022120
15051.004426	16.653547
15068.534214	17.431595
15086.094645	14.678373
15103.685791	18.382953
15121.307723	15.451055
15138.960513	15.035257
15156.644234	16.459115
15174.358957	15.113481
15192.104755	17.222991
15209.881701	15.070833
15227.689868	16.148392
15245.529328	15.081611
15263.400156	16.586847
15281.302425	17.299902
15299.236209	15.255901
15317.201581	18.730421
15335.198616	14.264839
15353.227388	17.120143
15371.287972	14.166597
15389.380444	16.084596
15407.504877	13.672209
15425.661347	15.534140
15443.849931	16.006658
15462.070703	14.386859
15480.323740	14.502682
15498.609117	9.437788
15516.926912	12.704855
15535.277202	13.450757
15553.660062	13.956722
15572.075569	12.666432
15590.523803	12.900607
15609.004839	14.427132
15627.518756	12.646953
15646.065632	15.125906
15664.645545	11.224445
15683.258574	12.628926
15701.904797	12.096012
15720.584293	13.813428
15739.297143	13.929446
15758.043424	11.002235
15776.823216	15.123104
15795.636601	12.074551
15814.483657	12.008685
15833.364465	14.233181
15852.279107	12.776834
15871.227661	11.529425
15890.210211	9.798636
15909.226837	11.455561
15928.277621	12.639538
15947.362644	13.263913
15966.481990	12.356591
15985.635739	11.094152
16004.823975	12.342770
16024.046781	10.911793
16043.304239	11.625535
16062.596433	11.359284
16081.923447	10.551577
16101.285365	12.151097
16120.682270	7.098598
16140.114246	9.632703
16159.581379	9.003803
16179.083754	8.637826
16198.621455	9.890061
16218.194568	9.335818
16237.803178	8.416051
16257.447372	9.422044
16277.127234	10.462017
16296.842854	10.030314
16316.594315	9.791097
16336.381706	9.859725
16356.205114	10.570023
16376.064625	8.935187
16395.960329	7.063416
16415.892313	9.474601
16435.860665	9.998260
16455.865474	11.173102
16475.906827	6.926912
16495.984816	8.630962
16516.099529	10.017534
16536.251054	9.332180
16556.439484	6.789602
16576.664907	8.452091
16596.927414	6.161955
16617.227096	11.060945
16637.564043	8.093968
16657.938347	7.041997
16678.350100	6.589855
16698.799393	5.622670
16719.286319	8.728049
16739.810970	6.912882
16760.373438	7.362058
16780.973816	9.334694
16801.612199	7.331282
16822.288679	7.431739
16843.003350	6.059072
16863.756306	6.511987
16884.547641	4.993968
16905.377452	5.712971
16926.245831	6.544267
16947.152875	6.771788
16968.098680	7.690526
16989.083340	8.253171
17010.106953	6.882593
17031.169614	7.475928
17052.271421	6.932925
17073.412470	6.886525
17094.592859	6.606398
17115.812686	5.982621
17137.072048	4.978194
17158.371044	5.820017
17179.709773	5.804585
17201.088333	7.471571
17222.506823	7.578471
17243.965343	4.958523
17265.463993	5.082680
17287.002873	5.172151
17308.582084	4.775362
17330.201725	5.945382
17351.861899	6.378322
17373.562706	6.440565
17395.304248	3.480232
17417.086628	4.137135
17438.909947	5.644296
17460.774308	3.503752
17482.679815	3.620022
17504.626571	5.431472
17526.614678	4.452752
17548.644242	5.092937
17570.715366	6.666754
17592.828155	4.257305
17614.982714	2.389963
17637.179148	3.767980
17659.417563	6.110491
17681.698065	6.348285
17704.020760	3.664122
17726.385754	3.783378
17748.793155	4.285820
17771.243070	4.822207
17793.735607	6.798422
17816.270873	3.930222
17838.848976	4.104702
17861.470026	4.720268
17884.134131	4.330151
17906.841402	3.558269
17929.591946	5.811630
17952.385875	3.185537
17975.223298	3.355260
17998.104328	2.856622
18021.029073	4.992361
18043.997647	5.134134
18067.010161	4.240233
18090.066726	3.673496
18113.167456	3.465028
18136.312464	3.233758
18159.501862	3.586152
18182.735764	4.352200
18206.014284	3.928288
18229.337537	3.194225
18252.705637	4.966901
18276.118700	3.493208
18299.576839	1.675909
18323.080173	2.443690
18346.628815	3.957064
18370.222885	3.339332
18393.862496	3.656930
18417.547769	3.385123
18441.278819	3.911932
18465.055765	2.702660
18488.878726	2.879253
18512.747820	2.293352
18536.663167	2.001554
18560.624885	3.820849
18584.633096	2.624764
18608.687919	2.883641
18632.789475	2.821024
18656.937885	3.217128
18681.133271	3.272913
18705.375755	2.413356
18729.665459	2.070244
18754.002505	2.520277
18778.387018	3.504755
18802.819119	1.441486
18827.298934	3.056691
18851.826587	3.017543
18876.402202	2.084178
18901.025904	3.361517
18925.697820	2.606953
18950.418074	2.955276
18975.186793	2.293528
19000.004105	3.366186
19024.870136	2.591537
19049.785014	2.278707
19074.748867	2.040228
19099.761823	2.681856
19124.824011	3.954723
19149.935561	2.908013
19175.096602	2.752948
19200.307264	2.110181
19225.567678	2.220232
19250.877976	1.425270
19276.238287	1.958912
19301.648745	0.736016
19327.109481	2.306732
19352.620628	2.145421
19378.182320	1.706176
19403.794690	2.452282
19429.457872	2.094172
19455.172001	3.415917
19480.937210	2.460337
19506.753638	1.862840
19532.621417	2.008648
19558.540686	2.642889
19584.511580	2.350366
19610.534238	1.980020
19636.608796	1.284276
19662.735392	1.352747
19688.914166	1.934111
19715.145257	1.508074
19741.428803	2.170908
19767.764945	1.807265
19794.153823	1.150969
19820.595578	1.615894
19847.090352	1.513523
19873.638286	2.375304
19900.239522	1.767302
19926.894204	1.074368
19953.602475	2.343108
19980.364478	2.140795
20007.180358	2.224686
20034.050259	2.147284
20060.974327	1.702387
20087.952707	1.570046
20114.985545	1.635875
20142.072988	1.878080
20169.215184	1.850346
20196.412280	1.799060
20223.664424	1.068346
20250.971764	2.727043
20278.334451	1.314394
20305.752633	2.413897
20333.226461	1.655711
20360.756085	1.548498
20388.341657	2.118444
20415.983329	2.277543
20443.681251	1.535990
20471.435579	1.129011
20499.246463	2.367219
20527.114059	1.956562
20555.038521	2.268542
20583.020003	3.216827
20611.058661	2.096217
20639.154651	1.457274
20667.308128	2.422496
20695.519251	1.578423
20723.788176	1.999303
20752.115062	1.869193
20780.500067	1.452334
20808.943350	1.364097
20837.445071	0.991994
20866.005390	1.149005
20894.624468	2.900943
20923.302465	2.385382
20952.039545	1.487233
20980.835869	1.627358
21009.691601	2.225542
21038.606903	2.544317
21067.581940	2.372315
21096.616877	0.717222
21125.711878	1.556762
21154.867110	0.974922
21184.082739	2.278794
21213.358932	1.825971
21242.695856	1.347988
21272.093680	2.089484
21301.552572	1.555067
21331.072701	1.738626
21360.654238	2.669524
21390.297352	2.257937
21420.002215	1.884450
21449.768999	1.036963
21479.597875	1.494196
